2025-03-19 18:17:25,062-DEBUG-[APP]: Ingesting form information...
2025-03-19 18:17:25,062-INFO-[APP]: ..index file found in form submission
2025-03-19 18:17:25,062-INFO-[APP]: ..index data: <FileStorage: 'index.csv' ('text/csv')>
2025-03-19 18:17:25,063-DEBUG-[APP]: generated output filename: test_test_20250319_181725.pdf
2025-03-19 18:17:25,063-DEBUG-[APP]: Gathering uploaded files...
2025-03-19 18:17:25,063-DEBUG-[APP]: ....[<FileStorage: 'Nathan Evans - Wellerman.pdf' ('application/pdf')>, <FileStorage: 'AlicebanD - True Blood.pdf' ('application/pdf')>, <FileStorage: 'Gary Jules - Mad World.pdf' ('application/pdf')>, <FileStorage: 'Misc Traditional - Wellerman.pdf' ('application/pdf')>, <FileStorage: 'Parker Millsap - Old Time Religion.pdf' ('application/pdf')>, <FileStorage: 'Buddy Holly - Everyday.pdf' ('application/pdf')>, <FileStorage: 'Smash Mouth - All Star.pdf' ('application/pdf')>, <FileStorage: 'Creedence Clearwater Revival - Bad Moon Rising.pdf' ('application/pdf')>, <FileStorage: 'Kenny Rogers - The Gambler.pdf' ('application/pdf')>, <FileStorage: 'Annie Lennox - Into The West.pdf' ('application/pdf')>, <FileStorage: 'Johnny Cash - Folsom Prison Blues.pdf' ('application/pdf')>]
2025-03-19 18:17:25,063-DEBUG-[APP]: ..Processing Nathan Evans - Wellerman.pdf
2025-03-19 18:17:25,063-DEBUG-[APP]: Saved file: tempfiles/a876aebb/Nathan_Evans_-_Wellerman.pdf
2025-03-19 18:17:25,063-INFO-[APP]: ..File saved to: tempfiles/a876aebb/Nathan_Evans_-_Wellerman.pdf
2025-03-19 18:17:25,063-DEBUG-[APP]: ..Processing AlicebanD - True Blood.pdf
2025-03-19 18:17:25,063-DEBUG-[APP]: Saved file: tempfiles/a876aebb/AlicebanD_-_True_Blood.pdf
2025-03-19 18:17:25,063-INFO-[APP]: ..File saved to: tempfiles/a876aebb/AlicebanD_-_True_Blood.pdf
2025-03-19 18:17:25,063-DEBUG-[APP]: ..Processing Gary Jules - Mad World.pdf
2025-03-19 18:17:25,064-DEBUG-[APP]: Saved file: tempfiles/a876aebb/Gary_Jules_-_Mad_World.pdf
2025-03-19 18:17:25,064-INFO-[APP]: ..File saved to: tempfiles/a876aebb/Gary_Jules_-_Mad_World.pdf
2025-03-19 18:17:25,064-DEBUG-[APP]: ..Processing Misc Traditional - Wellerman.pdf
2025-03-19 18:17:25,064-DEBUG-[APP]: Saved file: tempfiles/a876aebb/Misc_Traditional_-_Wellerman.pdf
2025-03-19 18:17:25,064-INFO-[APP]: ..File saved to: tempfiles/a876aebb/Misc_Traditional_-_Wellerman.pdf
2025-03-19 18:17:25,064-DEBUG-[APP]: ..Processing Parker Millsap - Old Time Religion.pdf
2025-03-19 18:17:25,064-DEBUG-[APP]: Saved file: tempfiles/a876aebb/Parker_Millsap_-_Old_Time_Religion.pdf
2025-03-19 18:17:25,064-INFO-[APP]: ..File saved to: tempfiles/a876aebb/Parker_Millsap_-_Old_Time_Religion.pdf
2025-03-19 18:17:25,064-DEBUG-[APP]: ..Processing Buddy Holly - Everyday.pdf
2025-03-19 18:17:25,064-DEBUG-[APP]: Saved file: tempfiles/a876aebb/Buddy_Holly_-_Everyday.pdf
2025-03-19 18:17:25,065-INFO-[APP]: ..File saved to: tempfiles/a876aebb/Buddy_Holly_-_Everyday.pdf
2025-03-19 18:17:25,065-DEBUG-[APP]: ..Processing Smash Mouth - All Star.pdf
2025-03-19 18:17:25,065-DEBUG-[APP]: Saved file: tempfiles/a876aebb/Smash_Mouth_-_All_Star.pdf
2025-03-19 18:17:25,065-INFO-[APP]: ..File saved to: tempfiles/a876aebb/Smash_Mouth_-_All_Star.pdf
2025-03-19 18:17:25,065-DEBUG-[APP]: ..Processing Creedence Clearwater Revival - Bad Moon Rising.pdf
2025-03-19 18:17:25,065-DEBUG-[APP]: Saved file: tempfiles/a876aebb/Creedence_Clearwater_Revival_-_Bad_Moon_Rising.pdf
2025-03-19 18:17:25,065-INFO-[APP]: ..File saved to: tempfiles/a876aebb/Creedence_Clearwater_Revival_-_Bad_Moon_Rising.pdf
2025-03-19 18:17:25,065-DEBUG-[APP]: ..Processing Kenny Rogers - The Gambler.pdf
2025-03-19 18:17:25,065-DEBUG-[APP]: Saved file: tempfiles/a876aebb/Kenny_Rogers_-_The_Gambler.pdf
2025-03-19 18:17:25,065-INFO-[APP]: ..File saved to: tempfiles/a876aebb/Kenny_Rogers_-_The_Gambler.pdf
2025-03-19 18:17:25,065-DEBUG-[APP]: ..Processing Annie Lennox - Into The West.pdf
2025-03-19 18:17:25,066-DEBUG-[APP]: Saved file: tempfiles/a876aebb/Annie_Lennox_-_Into_The_West.pdf
2025-03-19 18:17:25,066-INFO-[APP]: ..File saved to: tempfiles/a876aebb/Annie_Lennox_-_Into_The_West.pdf
2025-03-19 18:17:25,066-DEBUG-[APP]: ..Processing Johnny Cash - Folsom Prison Blues.pdf
2025-03-19 18:17:25,066-DEBUG-[APP]: Saved file: tempfiles/a876aebb/Johnny_Cash_-_Folsom_Prison_Blues.pdf
2025-03-19 18:17:25,066-INFO-[APP]: ..File saved to: tempfiles/a876aebb/Johnny_Cash_-_Folsom_Prison_Blues.pdf
2025-03-19 18:17:25,066-DEBUG-[APP]: No coversheet found in form submission
2025-03-19 18:17:25,066-DEBUG-[APP]: CSV index found in form submission: <FileStorage: 'index.csv' ('text/csv')>
2025-03-19 18:17:25,066-DEBUG-[APP]: Saved file: tempfiles/a876aebb/index_a876aebb_20250319_181725.csv
2025-03-19 18:17:25,066-INFO-[APP]: secure_csv_path: tempfiles/a876aebb/securefilenames_index_a876aebb_20250319_181725.csv
2025-03-19 18:17:25,066-DEBUG-[APP]: Reading input CSV:
2025-03-19 18:17:25,066-DEBUG-[APP]: Processing row: ['\ufefffilename', 'title', 'date', 'section']
2025-03-19 18:17:25,067-DEBUG-[APP]: ..Wrote processed file row: ['filename', 'title', 'date', 'section']
2025-03-19 18:17:25,067-DEBUG-[APP]: Processing row: ['Nathan Evans - Wellerman.pdf', 'Nathan Evans - Wellerman', '2025-02-15', '0']
2025-03-19 18:17:25,067-DEBUG-[APP]: ..Wrote processed file row: ['Nathan_Evans_-_Wellerman.pdf', 'Nathan Evans - Wellerman', '2025-02-15', '0']
2025-03-19 18:17:25,067-DEBUG-[APP]: Processing row: ['AlicebanD - True Blood.pdf', 'AlicebanD - True Blood', '2025-02-15', '0']
2025-03-19 18:17:25,067-DEBUG-[APP]: ..Wrote processed file row: ['AlicebanD_-_True_Blood.pdf', 'AlicebanD - True Blood', '2025-02-15', '0']
2025-03-19 18:17:25,067-DEBUG-[APP]: Processing row: ['Gary Jules - Mad World.pdf', 'Gary Jules - Mad World', '2025-02-17', '0']
2025-03-19 18:17:25,067-DEBUG-[APP]: ..Wrote processed file row: ['Gary_Jules_-_Mad_World.pdf', 'Gary Jules - Mad World', '2025-02-17', '0']
2025-03-19 18:17:25,067-DEBUG-[APP]: Processing row: ['Misc Traditional - Wellerman.pdf', 'Misc Traditional - Wellerman', '2025-02-17', '0']
2025-03-19 18:17:25,067-DEBUG-[APP]: ..Wrote processed file row: ['Misc_Traditional_-_Wellerman.pdf', 'Misc Traditional - Wellerman', '2025-02-17', '0']
2025-03-19 18:17:25,067-DEBUG-[APP]: Processing row: ['Parker Millsap - Old Time Religion.pdf', 'Parker Millsap - Old Time Religion', '2025-02-17', '0']
2025-03-19 18:17:25,067-DEBUG-[APP]: ..Wrote processed file row: ['Parker_Millsap_-_Old_Time_Religion.pdf', 'Parker Millsap - Old Time Religion', '2025-02-17', '0']
2025-03-19 18:17:25,067-DEBUG-[APP]: Processing row: ['Buddy Holly - Everyday.pdf', 'Buddy Holly - Everyday', '2025-02-17', '0']
2025-03-19 18:17:25,067-DEBUG-[APP]: ..Wrote processed file row: ['Buddy_Holly_-_Everyday.pdf', 'Buddy Holly - Everyday', '2025-02-17', '0']
2025-03-19 18:17:25,067-DEBUG-[APP]: Processing row: ['Smash Mouth - All Star.pdf', 'Smash Mouth - All Star', '2025-02-20', '0']
2025-03-19 18:17:25,067-DEBUG-[APP]: ..Wrote processed file row: ['Smash_Mouth_-_All_Star.pdf', 'Smash Mouth - All Star', '2025-02-20', '0']
2025-03-19 18:17:25,067-DEBUG-[APP]: Processing row: ['Creedence Clearwater Revival - Bad Moon Rising.pdf', 'Creedence Clearwater Revival - Bad Moon Rising', '2025-03-01', '0']
2025-03-19 18:17:25,068-DEBUG-[APP]: ..Wrote processed file row: ['Creedence_Clearwater_Revival_-_Bad_Moon_Rising.pdf', 'Creedence Clearwater Revival - Bad Moon Rising', '2025-03-01', '0']
2025-03-19 18:17:25,068-DEBUG-[APP]: Processing row: ['Kenny Rogers - The Gambler.pdf', 'Kenny Rogers - The Gambler', '2025-03-01', '0']
2025-03-19 18:17:25,068-DEBUG-[APP]: ..Wrote processed file row: ['Kenny_Rogers_-_The_Gambler.pdf', 'Kenny Rogers - The Gambler', '2025-03-01', '0']
2025-03-19 18:17:25,068-DEBUG-[APP]: Processing row: ['Annie Lennox - Into The West.pdf', 'Annie Lennox - Into The West', '2025-03-01', '0']
2025-03-19 18:17:25,068-DEBUG-[APP]: ..Wrote processed file row: ['Annie_Lennox_-_Into_The_West.pdf', 'Annie Lennox - Into The West', '2025-03-01', '0']
2025-03-19 18:17:25,068-DEBUG-[APP]: Processing row: ['Johnny Cash - Folsom Prison Blues.pdf', 'Johnny Cash - Folsom Prison Blues', '2025-03-01', '0']
2025-03-19 18:17:25,068-DEBUG-[APP]: ..Wrote processed file row: ['Johnny_Cash_-_Folsom_Prison_Blues.pdf', 'Johnny Cash - Folsom Prison Blues', '2025-03-01', '0']
2025-03-19 18:17:25,068-INFO-[APP]: ..saved csv index as tempfiles/a876aebb/securefilenames_index_a876aebb_20250319_181725.csv
2025-03-19 18:17:25,068-DEBUG-[APP]: CSV saved to: tempfiles/a876aebb/index_a876aebb_20250319_181725.csv
2025-03-19 18:17:25,068-INFO-[APP]: Calling buntool.create_bundle with params:
2025-03-19 18:17:25,068-INFO-[APP]: ....input_files: ['tempfiles/a876aebb/Nathan_Evans_-_Wellerman.pdf', 'tempfiles/a876aebb/AlicebanD_-_True_Blood.pdf', 'tempfiles/a876aebb/Gary_Jules_-_Mad_World.pdf', 'tempfiles/a876aebb/Misc_Traditional_-_Wellerman.pdf', 'tempfiles/a876aebb/Parker_Millsap_-_Old_Time_Religion.pdf', 'tempfiles/a876aebb/Buddy_Holly_-_Everyday.pdf', 'tempfiles/a876aebb/Smash_Mouth_-_All_Star.pdf', 'tempfiles/a876aebb/Creedence_Clearwater_Revival_-_Bad_Moon_Rising.pdf', 'tempfiles/a876aebb/Kenny_Rogers_-_The_Gambler.pdf', 'tempfiles/a876aebb/Annie_Lennox_-_Into_The_West.pdf', 'tempfiles/a876aebb/Johnny_Cash_-_Folsom_Prison_Blues.pdf']
2025-03-19 18:17:25,068-INFO-[APP]: ....output_file: test_test_20250319_181725.pdf
2025-03-19 18:17:25,068-INFO-[APP]: ....secure_coversheet_filename: None
2025-03-19 18:17:25,068-INFO-[APP]: ....sanitised_filenames_index_csv: tempfiles/a876aebb/securefilenames_index_a876aebb_20250319_181725.csv
2025-03-19 18:17:25,068-INFO-[APP]: ....bundle_config elements:
2025-03-19 18:17:25,068-INFO-[APP]: ........timestamp: 20250319_181725
2025-03-19 18:17:25,069-INFO-[APP]: ........case_details: ['test', 'test', 'test']
2025-03-19 18:17:25,069-INFO-[APP]: ........confidential_bool: None
2025-03-19 18:17:25,069-INFO-[APP]: ........zip_bool: True
2025-03-19 18:17:25,069-INFO-[APP]: ........session_id: a876aebb
2025-03-19 18:17:25,069-INFO-[APP]: ........user_agent: Mozilla/5.0 (Windows NT 10.0; Win64; x64; rv:126.0) Gecko/20100101 Firefox/126.1
2025-03-19 18:17:25,069-INFO-[APP]: ........page_num_align: right
2025-03-19 18:17:25,069-INFO-[APP]: ........index_font: sans
2025-03-19 18:17:25,069-INFO-[APP]: ........footer_font: sans
2025-03-19 18:17:25,069-INFO-[APP]: ........page_num_style: page_x
2025-03-19 18:17:25,069-INFO-[APP]: ........footer_prefix: 
2025-03-19 18:17:25,069-INFO-[APP]: ........date_setting: uk_longdate
2025-03-19 18:17:25,069-INFO-[APP]: ........roman_for_preface: False
2025-03-19 18:17:25,069-INFO-[APP]: ........temp_dir: tempfiles/a876aebb
2025-03-19 18:17:25,069-INFO-[APP]: ........logs_dir: logs
2025-03-19 18:17:25,069-INFO-[APP]: ........bookmark_setting: tab-title-date-page
2025-03-19 18:17:25,070-INFO-[BUN]: [CB]THIS IS BUNTOOL VERSION 2025-01-24
2025-03-19 18:17:25,070-INFO-[BUN]: [CB]Temp directory created at tempfiles/a876aebb.
2025-03-19 18:17:25,070-INFO-[BUN]: *****New session: a876aebb called create_bundle*****
2025-03-19 18:17:25,070-INFO-[BUN]: a876aebb has the USER AGENT: Mozilla/5.0 (Windows NT 10.0; Win64; x64; rv:126.0) Gecko/20100101 Firefox/126.1
2025-03-19 18:17:25,070-INFO-[BUN]: Bundle creation called with 11 input files and output file test_test_20250319_181725.pdf
2025-03-19 18:17:25,070-DEBUG-[BUN]: [CB]create_bundle received the following arguments:
2025-03-19 18:17:25,070-DEBUG-[BUN]: [CB]....input_files: ['tempfiles/a876aebb/Nathan_Evans_-_Wellerman.pdf', 'tempfiles/a876aebb/AlicebanD_-_True_Blood.pdf', 'tempfiles/a876aebb/Gary_Jules_-_Mad_World.pdf', 'tempfiles/a876aebb/Misc_Traditional_-_Wellerman.pdf', 'tempfiles/a876aebb/Parker_Millsap_-_Old_Time_Religion.pdf', 'tempfiles/a876aebb/Buddy_Holly_-_Everyday.pdf', 'tempfiles/a876aebb/Smash_Mouth_-_All_Star.pdf', 'tempfiles/a876aebb/Creedence_Clearwater_Revival_-_Bad_Moon_Rising.pdf', 'tempfiles/a876aebb/Kenny_Rogers_-_The_Gambler.pdf', 'tempfiles/a876aebb/Annie_Lennox_-_Into_The_West.pdf', 'tempfiles/a876aebb/Johnny_Cash_-_Folsom_Prison_Blues.pdf']
2025-03-19 18:17:25,070-DEBUG-[BUN]: [CB]....output_file: test_test_20250319_181725.pdf
2025-03-19 18:17:25,070-DEBUG-[BUN]: [CB]....coversheet: None
2025-03-19 18:17:25,070-DEBUG-[BUN]: [CB]....index_file: tempfiles/a876aebb/securefilenames_index_a876aebb_20250319_181725.csv
2025-03-19 18:17:25,070-DEBUG-[BUN]: [CB]....bundle_config: {'timestamp': '20250319_181725', 'case_details': ['test', 'test', 'test'], 'csv_string': None, 'confidential_bool': False, 'zip_bool': True, 'session_id': 'a876aebb', 'user_agent': 'Mozilla/5.0 (Windows NT 10.0; Win64; x64; rv:126.0) Gecko/20100101 Firefox/126.1', 'page_num_align': 'right', 'index_font': 'sans', 'footer_font': 'sans', 'page_num_style': 'page_x', 'footer_prefix': '', 'date_setting': 'uk_longdate', 'roman_for_preface': False, 'expected_length_of_frontmatter': 0, 'main_page_count': 0, 'total_number_of_pages': 0, 'temp_dir': 'tempfiles/a876aebb', 'logs_dir': 'logs', 'bookmark_setting': 'tab-title-date-page'}
2025-03-19 18:17:25,070-DEBUG-[BUN]: [CB]Calling load_index_data [LI] with index_file: tempfiles/a876aebb/securefilenames_index_a876aebb_20250319_181725.csv
2025-03-19 18:17:25,070-DEBUG-[BUN]: [LID]Loading index data from tempfiles/a876aebb/securefilenames_index_a876aebb_20250319_181725.csv
2025-03-19 18:17:25,071-DEBUG-[BUN]: [LID]..Loaded index data with 11 entries:
2025-03-19 18:17:25,071-DEBUG-[BUN]: [LID]....Key: |Nathan_Evans_-_Wellerman.pdf| -> Value: ('Nathan Evans - Wellerman', '15 February 2025', '0')
2025-03-19 18:17:25,071-DEBUG-[BUN]: [LID]....Key: |AlicebanD_-_True_Blood.pdf| -> Value: ('AlicebanD - True Blood', '15 February 2025', '0')
2025-03-19 18:17:25,071-DEBUG-[BUN]: [LID]....Key: |Gary_Jules_-_Mad_World.pdf| -> Value: ('Gary Jules - Mad World', '17 February 2025', '0')
2025-03-19 18:17:25,071-DEBUG-[BUN]: [LID]....Key: |Misc_Traditional_-_Wellerman.pdf| -> Value: ('Misc Traditional - Wellerman', '17 February 2025', '0')
2025-03-19 18:17:25,071-DEBUG-[BUN]: [LID]....Key: |Parker_Millsap_-_Old_Time_Religion.pdf| -> Value: ('Parker Millsap - Old Time Religion', '17 February 2025', '0')
2025-03-19 18:17:25,071-DEBUG-[BUN]: [LID]....Key: |Buddy_Holly_-_Everyday.pdf| -> Value: ('Buddy Holly - Everyday', '17 February 2025', '0')
2025-03-19 18:17:25,071-DEBUG-[BUN]: [LID]....Key: |Smash_Mouth_-_All_Star.pdf| -> Value: ('Smash Mouth - All Star', '20 February 2025', '0')
2025-03-19 18:17:25,071-DEBUG-[BUN]: [LID]....Key: |Creedence_Clearwater_Revival_-_Bad_Moon_Rising.pdf| -> Value: ('Creedence Clearwater Revival - Bad Moon Rising', '01 March 2025', '0')
2025-03-19 18:17:25,071-DEBUG-[BUN]: [LID]....Key: |Kenny_Rogers_-_The_Gambler.pdf| -> Value: ('Kenny Rogers - The Gambler', '01 March 2025', '0')
2025-03-19 18:17:25,071-DEBUG-[BUN]: [LID]....Key: |Annie_Lennox_-_Into_The_West.pdf| -> Value: ('Annie Lennox - Into The West', '01 March 2025', '0')
2025-03-19 18:17:25,071-DEBUG-[BUN]: [LID]....Key: |Johnny_Cash_-_Folsom_Prison_Blues.pdf| -> Value: ('Johnny Cash - Folsom Prison Blues', '01 March 2025', '0')
2025-03-19 18:17:25,071-DEBUG-[BUN]: [CB]Calling merge_pdfs_create_toc_entries [MP] with arguments:
2025-03-19 18:17:25,071-DEBUG-[BUN]: [CB]....input_files: ['tempfiles/a876aebb/Nathan_Evans_-_Wellerman.pdf', 'tempfiles/a876aebb/AlicebanD_-_True_Blood.pdf', 'tempfiles/a876aebb/Gary_Jules_-_Mad_World.pdf', 'tempfiles/a876aebb/Misc_Traditional_-_Wellerman.pdf', 'tempfiles/a876aebb/Parker_Millsap_-_Old_Time_Religion.pdf', 'tempfiles/a876aebb/Buddy_Holly_-_Everyday.pdf', 'tempfiles/a876aebb/Smash_Mouth_-_All_Star.pdf', 'tempfiles/a876aebb/Creedence_Clearwater_Revival_-_Bad_Moon_Rising.pdf', 'tempfiles/a876aebb/Kenny_Rogers_-_The_Gambler.pdf', 'tempfiles/a876aebb/Annie_Lennox_-_Into_The_West.pdf', 'tempfiles/a876aebb/Johnny_Cash_-_Folsom_Prison_Blues.pdf']
2025-03-19 18:17:25,071-DEBUG-[BUN]: [CB]....merged_file: tempfiles/a876aebb/TEMP01_mainpages.pdf
2025-03-19 18:17:25,071-DEBUG-[BUN]: [CB]....index_data: {'Nathan_Evans_-_Wellerman.pdf': ('Nathan Evans - Wellerman', '15 February 2025', '0'), 'AlicebanD_-_True_Blood.pdf': ('AlicebanD - True Blood', '15 February 2025', '0'), 'Gary_Jules_-_Mad_World.pdf': ('Gary Jules - Mad World', '17 February 2025', '0'), 'Misc_Traditional_-_Wellerman.pdf': ('Misc Traditional - Wellerman', '17 February 2025', '0'), 'Parker_Millsap_-_Old_Time_Religion.pdf': ('Parker Millsap - Old Time Religion', '17 February 2025', '0'), 'Buddy_Holly_-_Everyday.pdf': ('Buddy Holly - Everyday', '17 February 2025', '0'), 'Smash_Mouth_-_All_Star.pdf': ('Smash Mouth - All Star', '20 February 2025', '0'), 'Creedence_Clearwater_Revival_-_Bad_Moon_Rising.pdf': ('Creedence Clearwater Revival - Bad Moon Rising', '01 March 2025', '0'), 'Kenny_Rogers_-_The_Gambler.pdf': ('Kenny Rogers - The Gambler', '01 March 2025', '0'), 'Annie_Lennox_-_Into_The_West.pdf': ('Annie Lennox - Into The West', '01 March 2025', '0'), 'Johnny_Cash_-_Folsom_Prison_Blues.pdf': ('Johnny Cash - Folsom Prison Blues', '01 March 2025', '0')}
2025-03-19 18:17:25,072-DEBUG-[BUN]: [MPCTE]..File Nathan_Evans_-_Wellerman.pdf found at tempfiles/a876aebb/Nathan_Evans_-_Wellerman.pdf
2025-03-19 18:17:25,079-DEBUG-[BUN]: [MPCTE]....added to merged PDF
2025-03-19 18:17:25,079-DEBUG-[BUN]: [MPCTE]..found index data
2025-03-19 18:17:25,079-DEBUG-[BUN]: [MPCTE]..Adding toc entry: 001., Nathan Evans - Wellerman, 0
2025-03-19 18:17:25,079-DEBUG-[BUN]: [MPCTE]..File AlicebanD_-_True_Blood.pdf found at tempfiles/a876aebb/AlicebanD_-_True_Blood.pdf
2025-03-19 18:17:25,086-DEBUG-[BUN]: [MPCTE]....added to merged PDF
2025-03-19 18:17:25,086-DEBUG-[BUN]: [MPCTE]..found index data
2025-03-19 18:17:25,086-DEBUG-[BUN]: [MPCTE]..Adding toc entry: 002., AlicebanD - True Blood, 5
2025-03-19 18:17:25,087-DEBUG-[BUN]: [MPCTE]..File Gary_Jules_-_Mad_World.pdf found at tempfiles/a876aebb/Gary_Jules_-_Mad_World.pdf
2025-03-19 18:17:25,093-DEBUG-[BUN]: [MPCTE]....added to merged PDF
2025-03-19 18:17:25,093-DEBUG-[BUN]: [MPCTE]..found index data
2025-03-19 18:17:25,094-DEBUG-[BUN]: [MPCTE]..Adding toc entry: 003., Gary Jules - Mad World, 8
2025-03-19 18:17:25,094-DEBUG-[BUN]: [MPCTE]..File Misc_Traditional_-_Wellerman.pdf found at tempfiles/a876aebb/Misc_Traditional_-_Wellerman.pdf
2025-03-19 18:17:25,101-DEBUG-[BUN]: [MPCTE]....added to merged PDF
2025-03-19 18:17:25,101-DEBUG-[BUN]: [MPCTE]..found index data
2025-03-19 18:17:25,101-DEBUG-[BUN]: [MPCTE]..Adding toc entry: 004., Misc Traditional - Wellerman, 10
2025-03-19 18:17:25,101-DEBUG-[BUN]: [MPCTE]..File Parker_Millsap_-_Old_Time_Religion.pdf found at tempfiles/a876aebb/Parker_Millsap_-_Old_Time_Religion.pdf
2025-03-19 18:17:25,108-DEBUG-[BUN]: [MPCTE]....added to merged PDF
2025-03-19 18:17:25,109-DEBUG-[BUN]: [MPCTE]..found index data
2025-03-19 18:17:25,109-DEBUG-[BUN]: [MPCTE]..Adding toc entry: 005., Parker Millsap - Old Time Religion, 14
2025-03-19 18:17:25,109-DEBUG-[BUN]: [MPCTE]..File Buddy_Holly_-_Everyday.pdf found at tempfiles/a876aebb/Buddy_Holly_-_Everyday.pdf
2025-03-19 18:17:25,116-DEBUG-[BUN]: [MPCTE]....added to merged PDF
2025-03-19 18:17:25,116-DEBUG-[BUN]: [MPCTE]..found index data
2025-03-19 18:17:25,116-DEBUG-[BUN]: [MPCTE]..Adding toc entry: 006., Buddy Holly - Everyday, 17
2025-03-19 18:17:25,116-DEBUG-[BUN]: [MPCTE]..File Smash_Mouth_-_All_Star.pdf found at tempfiles/a876aebb/Smash_Mouth_-_All_Star.pdf
2025-03-19 18:17:25,121-DEBUG-[BUN]: [MPCTE]....added to merged PDF
2025-03-19 18:17:25,121-DEBUG-[BUN]: [MPCTE]..found index data
2025-03-19 18:17:25,121-DEBUG-[BUN]: [MPCTE]..Adding toc entry: 007., Smash Mouth - All Star, 20
2025-03-19 18:17:25,121-DEBUG-[BUN]: [MPCTE]..File Creedence_Clearwater_Revival_-_Bad_Moon_Rising.pdf found at tempfiles/a876aebb/Creedence_Clearwater_Revival_-_Bad_Moon_Rising.pdf
2025-03-19 18:17:25,128-DEBUG-[BUN]: [MPCTE]....added to merged PDF
2025-03-19 18:17:25,128-DEBUG-[BUN]: [MPCTE]..found index data
2025-03-19 18:17:25,128-DEBUG-[BUN]: [MPCTE]..Adding toc entry: 008., Creedence Clearwater Revival - Bad Moon Rising, 22
2025-03-19 18:17:25,128-DEBUG-[BUN]: [MPCTE]..File Kenny_Rogers_-_The_Gambler.pdf found at tempfiles/a876aebb/Kenny_Rogers_-_The_Gambler.pdf
2025-03-19 18:17:25,135-DEBUG-[BUN]: [MPCTE]....added to merged PDF
2025-03-19 18:17:25,135-DEBUG-[BUN]: [MPCTE]..found index data
2025-03-19 18:17:25,135-DEBUG-[BUN]: [MPCTE]..Adding toc entry: 009., Kenny Rogers - The Gambler, 24
2025-03-19 18:17:25,135-DEBUG-[BUN]: [MPCTE]..File Annie_Lennox_-_Into_The_West.pdf found at tempfiles/a876aebb/Annie_Lennox_-_Into_The_West.pdf
2025-03-19 18:17:25,142-DEBUG-[BUN]: [MPCTE]....added to merged PDF
2025-03-19 18:17:25,142-DEBUG-[BUN]: [MPCTE]..found index data
2025-03-19 18:17:25,142-DEBUG-[BUN]: [MPCTE]..Adding toc entry: 010., Annie Lennox - Into The West, 27
2025-03-19 18:17:25,142-DEBUG-[BUN]: [MPCTE]..File Johnny_Cash_-_Folsom_Prison_Blues.pdf found at tempfiles/a876aebb/Johnny_Cash_-_Folsom_Prison_Blues.pdf
2025-03-19 18:17:25,150-DEBUG-[BUN]: [MPCTE]....added to merged PDF
2025-03-19 18:17:25,150-DEBUG-[BUN]: [MPCTE]..found index data
2025-03-19 18:17:25,150-DEBUG-[BUN]: [MPCTE]..Adding toc entry: 011., Johnny Cash - Folsom Prison Blues, 29
2025-03-19 18:17:25,180-INFO-[BUN]: [CB]Merged PDF created at tempfiles/a876aebb/TEMP01_mainpages.pdf
2025-03-19 18:17:25,181-INFO-[BUN]: =============================================================================
2025-03-19 18:17:25,181-INFO-[BUN]: BUNTOOL -- BEGIN RECORD OF USER SETTINGS
2025-03-19 18:17:25,182-INFO-[BUN]: Time of use: 20250319_181725
2025-03-19 18:17:25,182-INFO-[BUN]: STEP ONE:
2025-03-19 18:17:25,182-INFO-[BUN]: ..Bundle Title: test
2025-03-19 18:17:25,182-INFO-[BUN]: ..Case Name: test
2025-03-19 18:17:25,182-INFO-[BUN]: ..Claim Number: test
2025-03-19 18:17:25,182-INFO-[BUN]: STEP TWO:
2025-03-19 18:17:25,182-INFO-[BUN]: ..File 1: Filename "tempfiles/a876aebb/Nathan_Evans_-_Wellerman.pdf"
2025-03-19 18:17:25,182-INFO-[BUN]: .... had index data: False
2025-03-19 18:17:25,183-INFO-[BUN]: .... had 5 page(s).
2025-03-19 18:17:25,183-INFO-[BUN]: ..File 2: Filename "tempfiles/a876aebb/AlicebanD_-_True_Blood.pdf"
2025-03-19 18:17:25,183-INFO-[BUN]: .... had index data: False
2025-03-19 18:17:25,183-INFO-[BUN]: .... had 3 page(s).
2025-03-19 18:17:25,183-INFO-[BUN]: ..File 3: Filename "tempfiles/a876aebb/Gary_Jules_-_Mad_World.pdf"
2025-03-19 18:17:25,183-INFO-[BUN]: .... had index data: False
2025-03-19 18:17:25,184-INFO-[BUN]: .... had 2 page(s).
2025-03-19 18:17:25,184-INFO-[BUN]: ..File 4: Filename "tempfiles/a876aebb/Misc_Traditional_-_Wellerman.pdf"
2025-03-19 18:17:25,184-INFO-[BUN]: .... had index data: False
2025-03-19 18:17:25,185-INFO-[BUN]: .... had 4 page(s).
2025-03-19 18:17:25,185-INFO-[BUN]: ..File 5: Filename "tempfiles/a876aebb/Parker_Millsap_-_Old_Time_Religion.pdf"
2025-03-19 18:17:25,185-INFO-[BUN]: .... had index data: False
2025-03-19 18:17:25,185-INFO-[BUN]: .... had 3 page(s).
2025-03-19 18:17:25,185-INFO-[BUN]: ..File 6: Filename "tempfiles/a876aebb/Buddy_Holly_-_Everyday.pdf"
2025-03-19 18:17:25,185-INFO-[BUN]: .... had index data: False
2025-03-19 18:17:25,186-INFO-[BUN]: .... had 3 page(s).
2025-03-19 18:17:25,186-INFO-[BUN]: ..File 7: Filename "tempfiles/a876aebb/Smash_Mouth_-_All_Star.pdf"
2025-03-19 18:17:25,186-INFO-[BUN]: .... had index data: False
2025-03-19 18:17:25,187-INFO-[BUN]: .... had 2 page(s).
2025-03-19 18:17:25,187-INFO-[BUN]: ..File 8: Filename "tempfiles/a876aebb/Creedence_Clearwater_Revival_-_Bad_Moon_Rising.pdf"
2025-03-19 18:17:25,187-INFO-[BUN]: .... had index data: False
2025-03-19 18:17:25,187-INFO-[BUN]: .... had 2 page(s).
2025-03-19 18:17:25,187-INFO-[BUN]: ..File 9: Filename "tempfiles/a876aebb/Kenny_Rogers_-_The_Gambler.pdf"
2025-03-19 18:17:25,187-INFO-[BUN]: .... had index data: False
2025-03-19 18:17:25,188-INFO-[BUN]: .... had 3 page(s).
2025-03-19 18:17:25,188-INFO-[BUN]: ..File 10: Filename "tempfiles/a876aebb/Annie_Lennox_-_Into_The_West.pdf"
2025-03-19 18:17:25,188-INFO-[BUN]: .... had index data: False
2025-03-19 18:17:25,188-INFO-[BUN]: .... had 2 page(s).
2025-03-19 18:17:25,188-INFO-[BUN]: ..File 11: Filename "tempfiles/a876aebb/Johnny_Cash_-_Folsom_Prison_Blues.pdf"
2025-03-19 18:17:25,189-INFO-[BUN]: .... had index data: False
2025-03-19 18:17:25,189-INFO-[BUN]: .... had 3 page(s).
2025-03-19 18:17:25,189-INFO-[BUN]: STEP THREE:
2025-03-19 18:17:25,189-INFO-[BUN]: ..Index Options:
2025-03-19 18:17:25,189-INFO-[BUN]: ....Index font: sans
2025-03-19 18:17:25,189-INFO-[BUN]: ....No coversheet provided.
2025-03-19 18:17:25,189-INFO-[BUN]: ....Date column: uk_longdate
2025-03-19 18:17:25,189-INFO-[BUN]: ....Confidentiality: False
2025-03-19 18:17:25,189-INFO-[BUN]: ..Page Numbering Options:
2025-03-19 18:17:25,189-INFO-[BUN]: ....Footer font: sans
2025-03-19 18:17:25,189-INFO-[BUN]: ....Preface numbering: False
2025-03-19 18:17:25,189-INFO-[BUN]: ....Page number alignment: right
2025-03-19 18:17:25,189-INFO-[BUN]: ....Page numbering style: page_x
2025-03-19 18:17:25,189-INFO-[BUN]: ....No footer prefix
2025-03-19 18:17:25,189-INFO-[BUN]: END RECORD OF USER SETTINGS
2025-03-19 18:17:25,189-INFO-[BUN]: =================================================================================
2025-03-19 18:17:25,195-DEBUG-[BUN]: [CB]Creating dummy TOC PDF to find length of frontmatter
2025-03-19 18:17:25,204-INFO-[BUN]: [CB]dummy TOC PDF created at tempfiles/a876aebb/TEMP02_dummy_toc.pdf
2025-03-19 18:17:25,205-DEBUG-[BUN]: [CB]Expected length of frontmatter: 1
2025-03-19 18:17:25,205-DEBUG-[BUN]: [CB]Calling pdf_paginator_reportlab [PPRL] with arguments:
2025-03-19 18:17:25,205-DEBUG-[BUN]: [CB]....merged_file: tempfiles/a876aebb/TEMP01_mainpages.pdf
2025-03-19 18:17:25,205-DEBUG-[BUN]: [CB]....merged_paginated_no_toc: tempfiles/a876aebb/TEMP03_paginated_mainpages.pdf
2025-03-19 18:17:25,205-DEBUG-[BUN]: [CB]....page_num_alignment: right
2025-03-19 18:17:25,205-DEBUG-[BUN]: [CB]....page_num_font: sans
2025-03-19 18:17:25,205-DEBUG-[BUN]: [CB]....page_numbering_style: page_x
2025-03-19 18:17:25,205-DEBUG-[BUN]: [CB]....footer_prefix: 
2025-03-19 18:17:25,205-DEBUG-[BUN]: [PPRL]Paginate PDF function beginning (ReporLab version)
2025-03-19 18:17:25,209-DEBUG-[BUN]: [PPRL]..Main PDF opened with 32 pages
2025-03-19 18:17:25,209-DEBUG-[BUN]: [GFP]Generating 32 blank pages in tempfiles/a876aebb/pageNumbers.pdf
2025-03-19 18:17:25,304-DEBUG-[BUN]: [PPRL]Page numbers overlaid on main PDF
2025-03-19 18:17:25,304-INFO-[BUN]: [CB]..Merged PDF paginated at tempfiles/a876aebb/TEMP03_paginated_mainpages.pdf
2025-03-19 18:17:25,304-DEBUG-[BUN]: [CB]Calling create_toc_pdf_reportlab [CT] - final version -  with arguments:
2025-03-19 18:17:25,304-DEBUG-[BUN]: [CB]....toc_entries: [['Tab', 'Title', 'Date', 'Page'], ('001.', 'Nathan Evans - Wellerman', '15 February 2025', 0), ('002.', 'AlicebanD - True Blood', '15 February 2025', 5), ('003.', 'Gary Jules - Mad World', '17 February 2025', 8), ('004.', 'Misc Traditional - Wellerman', '17 February 2025', 10), ('005.', 'Parker Millsap - Old Time Religion', '17 February 2025', 14), ('006.', 'Buddy Holly - Everyday', '17 February 2025', 17), ('007.', 'Smash Mouth - All Star', '20 February 2025', 20), ('008.', 'Creedence Clearwater Revival - Bad Moon Rising', '01 March 2025', 22), ('009.', 'Kenny Rogers - The Gambler', '01 March 2025', 24), ('010.', 'Annie Lennox - Into The West', '01 March 2025', 27), ('011.', 'Johnny Cash - Folsom Prison Blues', '01 March 2025', 29)]
2025-03-19 18:17:25,304-DEBUG-[BUN]: [CB]....casedetails: ['test', 'test', 'test']
2025-03-19 18:17:25,304-DEBUG-[BUN]: [CB]....toc_file_path: tempfiles/a876aebb/index.pdf
2025-03-19 18:17:25,304-DEBUG-[BUN]: [CB]....confidential: False
2025-03-19 18:17:25,304-DEBUG-[BUN]: [CB]....date_setting: uk_longdate
2025-03-19 18:17:25,304-DEBUG-[BUN]: [CB]....index_font: sans
2025-03-19 18:17:25,304-DEBUG-[BUN]: [CB]....dummy: False
2025-03-19 18:17:25,304-DEBUG-[BUN]: [CB]....length_of_frontmatter: 1
2025-03-19 18:17:25,311-INFO-[BUN]: [CB]..TOC PDF created at index.pdf
2025-03-19 18:17:25,329-INFO-[BUN]: [CB]No coversheet specified. TOC is the only frontmatter.
2025-03-19 18:17:25,329-DEBUG-[BUN]: [CB]Frontmatter length is 1 pages.
2025-03-19 18:17:25,329-INFO-[BUN]: [CB]..Frontmatter length matches expected 1 pages.
2025-03-19 18:17:25,368-INFO-[BUN]: [CB]..Frontmatter merged with main docs at tempfiles/a876aebb/TEMP04_all_pages.pdf
2025-03-19 18:17:25,368-DEBUG-[BUN]: [[CB]Beginning hyperlinking process
2025-03-19 18:17:25,368-DEBUG-[BUN]: [CB]..Calling add_hyperlinks [AH] with arguments:
2025-03-19 18:17:25,368-DEBUG-[BUN]: [CB]......merged_file_with_frontmatter: tempfiles/a876aebb/TEMP04_all_pages.pdf
2025-03-19 18:17:25,368-DEBUG-[BUN]: [CB]......hyperlinked_file: tempfiles/a876aebb/TEMP05-hyperlinked.pdf
2025-03-19 18:17:25,368-DEBUG-[BUN]: [CB]......length_of_coversheet: 0
2025-03-19 18:17:25,368-DEBUG-[BUN]: [CB]......length_of_frontmatter: 1
2025-03-19 18:17:25,368-DEBUG-[BUN]: [CB]......toc_entries: [['Tab', 'Title', 'Date', 'Page'], ('001.', 'Nathan Evans - Wellerman', '15 February 2025', 0), ('002.', 'AlicebanD - True Blood', '15 February 2025', 5), ('003.', 'Gary Jules - Mad World', '17 February 2025', 8), ('004.', 'Misc Traditional - Wellerman', '17 February 2025', 10), ('005.', 'Parker Millsap - Old Time Religion', '17 February 2025', 14), ('006.', 'Buddy Holly - Everyday', '17 February 2025', 17), ('007.', 'Smash Mouth - All Star', '20 February 2025', 20), ('008.', 'Creedence Clearwater Revival - Bad Moon Rising', '01 March 2025', 22), ('009.', 'Kenny Rogers - The Gambler', '01 March 2025', 24), ('010.', 'Annie Lennox - Into The West', '01 March 2025', 27), ('011.', 'Johnny Cash - Folsom Prison Blues', '01 March 2025', 29)]
2025-03-19 18:17:25,368-DEBUG-[BUN]: [CB]......date_setting: uk_longdate
2025-03-19 18:17:25,368-DEBUG-[BUN]: [CB]......roman_for_preface: False
2025-03-19 18:17:25,368-DEBUG-[BUN]: [HYP]Starting hyperlink addition
2025-03-19 18:17:25,377-DEBUG-[BUN]: [HYP]..Processing page 0 for TOC text extraction
2025-03-19 18:17:25,391-DEBUG-[BUN]: [HYP]..Processing TOC entry: ['Tab', 'Title', 'Date', 'Page']
2025-03-19 18:17:25,391-DEBUG-[BUN]: [HYP]..Processing TOC entry: ('001.', 'Nathan Evans - Wellerman', '15 February 2025', 0)
2025-03-19 18:17:25,391-DEBUG-[BUN]: [HYP]....Using search-key regex: '001\.NathanEvans\-Wellerman15February20252' on TOC pages
2025-03-19 18:17:25,391-DEBUG-[BUN]: [HYP]....found on page 0
2025-03-19 18:17:25,391-DEBUG-[BUN]: [HYP]..Processing TOC entry: ('002.', 'AlicebanD - True Blood', '15 February 2025', 5)
2025-03-19 18:17:25,391-DEBUG-[BUN]: [HYP]....Using search-key regex: '002\.AlicebanD\-TrueBlood15February20257' on TOC pages
2025-03-19 18:17:25,391-DEBUG-[BUN]: [HYP]....found on page 0
2025-03-19 18:17:25,391-DEBUG-[BUN]: [HYP]..Processing TOC entry: ('003.', 'Gary Jules - Mad World', '17 February 2025', 8)
2025-03-19 18:17:25,391-DEBUG-[BUN]: [HYP]....Using search-key regex: '003\.GaryJules\-MadWorld17February202510' on TOC pages
2025-03-19 18:17:25,391-DEBUG-[BUN]: [HYP]....found on page 0
2025-03-19 18:17:25,391-DEBUG-[BUN]: [HYP]..Processing TOC entry: ('004.', 'Misc Traditional - Wellerman', '17 February 2025', 10)
2025-03-19 18:17:25,392-DEBUG-[BUN]: [HYP]....Using search-key regex: '004\.MiscTraditional\-Wellerman17February202512' on TOC pages
2025-03-19 18:17:25,392-DEBUG-[BUN]: [HYP]....found on page 0
2025-03-19 18:17:25,392-DEBUG-[BUN]: [HYP]..Processing TOC entry: ('005.', 'Parker Millsap - Old Time Religion', '17 February 2025', 14)
2025-03-19 18:17:25,392-DEBUG-[BUN]: [HYP]....Using search-key regex: '005\.ParkerMillsap\-OldTimeRel.*?17February202516' on TOC pages
2025-03-19 18:17:25,392-DEBUG-[BUN]: [HYP]....found on page 0
2025-03-19 18:17:25,392-DEBUG-[BUN]: [HYP]..Processing TOC entry: ('006.', 'Buddy Holly - Everyday', '17 February 2025', 17)
2025-03-19 18:17:25,392-DEBUG-[BUN]: [HYP]....Using search-key regex: '006\.BuddyHolly\-Everyday.*?17February202519' on TOC pages
2025-03-19 18:17:25,392-DEBUG-[BUN]: [HYP]....found on page 0
2025-03-19 18:17:25,392-DEBUG-[BUN]: [HYP]..Processing TOC entry: ('007.', 'Smash Mouth - All Star', '20 February 2025', 20)
2025-03-19 18:17:25,392-DEBUG-[BUN]: [HYP]....Using search-key regex: '007\.SmashMouth\-AllStar.*?20February202522' on TOC pages
2025-03-19 18:17:25,392-DEBUG-[BUN]: [HYP]....found on page 0
2025-03-19 18:17:25,392-DEBUG-[BUN]: [HYP]..Processing TOC entry: ('008.', 'Creedence Clearwater Revival - Bad Moon Rising', '01 March 2025', 22)
2025-03-19 18:17:25,392-DEBUG-[BUN]: [HYP]....Using search-key regex: '008\.CreedenceClearwaterRevival.*?01March202524' on TOC pages
2025-03-19 18:17:25,392-DEBUG-[BUN]: [HYP]....found on page 0
2025-03-19 18:17:25,392-DEBUG-[BUN]: [HYP]..Processing TOC entry: ('009.', 'Kenny Rogers - The Gambler', '01 March 2025', 24)
2025-03-19 18:17:25,392-DEBUG-[BUN]: [HYP]....Using search-key regex: '009\.KennyRogers\-TheGambler.*?01March202526' on TOC pages
2025-03-19 18:17:25,392-DEBUG-[BUN]: [HYP]....found on page 0
2025-03-19 18:17:25,392-DEBUG-[BUN]: [HYP]..Processing TOC entry: ('010.', 'Annie Lennox - Into The West', '01 March 2025', 27)
2025-03-19 18:17:25,392-DEBUG-[BUN]: [HYP]....Using search-key regex: '010\.AnnieLennox\-IntoTheWest.*?01March202529' on TOC pages
2025-03-19 18:17:25,392-DEBUG-[BUN]: [HYP]....found on page 0
2025-03-19 18:17:25,392-DEBUG-[BUN]: [HYP]..Processing TOC entry: ('011.', 'Johnny Cash - Folsom Prison Blues', '01 March 2025', 29)
2025-03-19 18:17:25,392-DEBUG-[BUN]: [HYP]....Using search-key regex: '011\.JohnnyCash\-FolsomPrisonB.*?01March202531' on TOC pages
2025-03-19 18:17:25,392-DEBUG-[BUN]: [HYP]....found on page 0
2025-03-19 18:17:25,434-DEBUG-[BUN]: [AAWT]Added annotations on TOC page 0 to destination pg index 1
2025-03-19 18:17:25,434-DEBUG-[BUN]: [AAWT]Added annotations on TOC page 0 to destination pg index 6
2025-03-19 18:17:25,434-DEBUG-[BUN]: [AAWT]Added annotations on TOC page 0 to destination pg index 9
2025-03-19 18:17:25,434-DEBUG-[BUN]: [AAWT]Added annotations on TOC page 0 to destination pg index 11
2025-03-19 18:17:25,434-DEBUG-[BUN]: [AAWT]Added annotations on TOC page 0 to destination pg index 15
2025-03-19 18:17:25,435-DEBUG-[BUN]: [AAWT]Added annotations on TOC page 0 to destination pg index 18
2025-03-19 18:17:25,435-DEBUG-[BUN]: [AAWT]Added annotations on TOC page 0 to destination pg index 21
2025-03-19 18:17:25,435-DEBUG-[BUN]: [AAWT]Added annotations on TOC page 0 to destination pg index 23
2025-03-19 18:17:25,435-DEBUG-[BUN]: [AAWT]Added annotations on TOC page 0 to destination pg index 25
2025-03-19 18:17:25,435-DEBUG-[BUN]: [AAWT]Added annotations on TOC page 0 to destination pg index 28
2025-03-19 18:17:25,435-DEBUG-[BUN]: [AAWT]Added annotations on TOC page 0 to destination pg index 30
2025-03-19 18:17:25,449-INFO-[BUN]: [CB]..Hyperlinked PDF created at tempfiles/a876aebb/TEMP05-hyperlinked.pdf
2025-03-19 18:17:25,449-DEBUG-[BUN]: [CB]Calling add_bookmarks_to_pdf [AB] with arguments:
2025-03-19 18:17:25,449-DEBUG-[BUN]: [CB]....hyperlinked_file: tempfiles/a876aebb/TEMP05-hyperlinked.pdf
2025-03-19 18:17:25,449-DEBUG-[BUN]: [CB]....main_bookmarked_file: tempfiles/a876aebb/TEMP06_main_bookmarks.pdf
2025-03-19 18:17:25,449-DEBUG-[BUN]: [CB]....toc_entries: [['Tab', 'Title', 'Date', 'Page'], ('001.', 'Nathan Evans - Wellerman', '15 February 2025', 0), ('002.', 'AlicebanD - True Blood', '15 February 2025', 5), ('003.', 'Gary Jules - Mad World', '17 February 2025', 8), ('004.', 'Misc Traditional - Wellerman', '17 February 2025', 10), ('005.', 'Parker Millsap - Old Time Religion', '17 February 2025', 14), ('006.', 'Buddy Holly - Everyday', '17 February 2025', 17), ('007.', 'Smash Mouth - All Star', '20 February 2025', 20), ('008.', 'Creedence Clearwater Revival - Bad Moon Rising', '01 March 2025', 22), ('009.', 'Kenny Rogers - The Gambler', '01 March 2025', 24), ('010.', 'Annie Lennox - Into The West', '01 March 2025', 27), ('011.', 'Johnny Cash - Folsom Prison Blues', '01 March 2025', 29)]
2025-03-19 18:17:25,449-DEBUG-[BUN]: [CB]....length_of_frontmatter: 1
2025-03-19 18:17:25,479-INFO-[BUN]: [CB]..Bookmarked PDF created at tempfiles/a876aebb/TEMP06_main_bookmarks.pdf
2025-03-19 18:17:25,480-DEBUG-[BUN]: [CB]Calling bookmark_the_index [BI] with arguments:
2025-03-19 18:17:25,480-DEBUG-[BUN]: [CB]....main_bookmarked_file: tempfiles/a876aebb/TEMP06_main_bookmarks.pdf
2025-03-19 18:17:25,480-DEBUG-[BUN]: [CB]....index_bookmarked_file: tempfiles/a876aebb/TEMP07_all_bookmarks.pdf
2025-03-19 18:17:25,480-DEBUG-[BUN]: [CB]....coversheet_path: None
2025-03-19 18:17:25,485-DEBUG-[BUN]: [BTI]no coversheet specified, outline item added for index
2025-03-19 18:17:25,510-INFO-[BUN]: [CB]..Index bookmarked PDF created at tempfiles/a876aebb/TEMP07_all_bookmarks.pdf
2025-03-19 18:17:25,511-INFO-[BUN]: [CB]Completed bundle creation. output written to: tempfiles/a876aebb/test_test_20250319_181725.pdf
2025-03-19 18:17:25,511-DEBUG-[BUN]: [CB]Calling create_zip_file:
2025-03-19 18:17:25,511-DEBUG-[BUN]: [CZF]Creating zip file at tempfiles/a876aebb/test_test_20250319_181725_files.zip
2025-03-19 18:17:25,512-INFO-[BUN]: [CB]..Zip file created at test_test_20250319_181725_files.zip
2025-03-19 18:17:25,512-DEBUG-[BUN]: [CB]Cleaning up temporary files: ['tempfiles/a876aebb/securefilenames_index_a876aebb_20250319_181725.csv', 'tempfiles/a876aebb/Nathan_Evans_-_Wellerman.pdf', 'tempfiles/a876aebb/AlicebanD_-_True_Blood.pdf', 'tempfiles/a876aebb/Gary_Jules_-_Mad_World.pdf', 'tempfiles/a876aebb/Misc_Traditional_-_Wellerman.pdf', 'tempfiles/a876aebb/Parker_Millsap_-_Old_Time_Religion.pdf', 'tempfiles/a876aebb/Buddy_Holly_-_Everyday.pdf', 'tempfiles/a876aebb/Smash_Mouth_-_All_Star.pdf', 'tempfiles/a876aebb/Creedence_Clearwater_Revival_-_Bad_Moon_Rising.pdf', 'tempfiles/a876aebb/Kenny_Rogers_-_The_Gambler.pdf', 'tempfiles/a876aebb/Annie_Lennox_-_Into_The_West.pdf', 'tempfiles/a876aebb/Johnny_Cash_-_Folsom_Prison_Blues.pdf', 'tempfiles/a876aebb/TEMP01_mainpages.pdf', 'tempfiles/a876aebb/TEMP02_dummy_toc.pdf', 'tempfiles/a876aebb/TEMP02_dummy_toc.out', 'tempfiles/a876aebb/TEMP02_dummy_toc.aux', 'tempfiles/a876aebb/dummytoc.tex', 'tempfiles/a876aebb/TEMP03_paginated_mainpages.pdf', 'tempfiles/a876aebb/pageNumbers.aux', 'tempfiles/a876aebb/pageNumbers.pdf', 'tempfiles/a876aebb/pageNumbers.tex', 'tempfiles/a876aebb/index.pdf', 'tempfiles/a876aebb/index.out', 'tempfiles/a876aebb/index.log', 'tempfiles/a876aebb/index.aux', 'tempfiles/a876aebb/toc.tex', 'tempfiles/a876aebb/TEMP04_all_pages.pdf', 'tempfiles/a876aebb/TEMP05-hyperlinked.pdf', 'tempfiles/a876aebb/TEMP06_main_bookmarks.pdf', 'tempfiles/a876aebb/TEMP07_all_bookmarks.pdf']
2025-03-19 18:17:25,512-DEBUG-[BUN]: [CB]..Deleting: tempfiles/a876aebb/securefilenames_index_a876aebb_20250319_181725.csv
2025-03-19 18:17:25,512-DEBUG-[BUN]: [CB]....deleted.
2025-03-19 18:17:25,512-DEBUG-[BUN]: [CB]..Deleting: tempfiles/a876aebb/Nathan_Evans_-_Wellerman.pdf
2025-03-19 18:17:25,512-DEBUG-[BUN]: [CB]....deleted.
2025-03-19 18:17:25,512-DEBUG-[BUN]: [CB]..Deleting: tempfiles/a876aebb/AlicebanD_-_True_Blood.pdf
2025-03-19 18:17:25,512-DEBUG-[BUN]: [CB]....deleted.
2025-03-19 18:17:25,512-DEBUG-[BUN]: [CB]..Deleting: tempfiles/a876aebb/Gary_Jules_-_Mad_World.pdf
2025-03-19 18:17:25,512-DEBUG-[BUN]: [CB]....deleted.
2025-03-19 18:17:25,512-DEBUG-[BUN]: [CB]..Deleting: tempfiles/a876aebb/Misc_Traditional_-_Wellerman.pdf
2025-03-19 18:17:25,512-DEBUG-[BUN]: [CB]....deleted.
2025-03-19 18:17:25,513-DEBUG-[BUN]: [CB]..Deleting: tempfiles/a876aebb/Parker_Millsap_-_Old_Time_Religion.pdf
2025-03-19 18:17:25,513-DEBUG-[BUN]: [CB]....deleted.
2025-03-19 18:17:25,513-DEBUG-[BUN]: [CB]..Deleting: tempfiles/a876aebb/Buddy_Holly_-_Everyday.pdf
2025-03-19 18:17:25,513-DEBUG-[BUN]: [CB]....deleted.
2025-03-19 18:17:25,513-DEBUG-[BUN]: [CB]..Deleting: tempfiles/a876aebb/Smash_Mouth_-_All_Star.pdf
2025-03-19 18:17:25,513-DEBUG-[BUN]: [CB]....deleted.
2025-03-19 18:17:25,513-DEBUG-[BUN]: [CB]..Deleting: tempfiles/a876aebb/Creedence_Clearwater_Revival_-_Bad_Moon_Rising.pdf
2025-03-19 18:17:25,513-DEBUG-[BUN]: [CB]....deleted.
2025-03-19 18:17:25,513-DEBUG-[BUN]: [CB]..Deleting: tempfiles/a876aebb/Kenny_Rogers_-_The_Gambler.pdf
2025-03-19 18:17:25,513-DEBUG-[BUN]: [CB]....deleted.
2025-03-19 18:17:25,513-DEBUG-[BUN]: [CB]..Deleting: tempfiles/a876aebb/Annie_Lennox_-_Into_The_West.pdf
2025-03-19 18:17:25,513-DEBUG-[BUN]: [CB]....deleted.
2025-03-19 18:17:25,513-DEBUG-[BUN]: [CB]..Deleting: tempfiles/a876aebb/Johnny_Cash_-_Folsom_Prison_Blues.pdf
2025-03-19 18:17:25,513-DEBUG-[BUN]: [CB]....deleted.
2025-03-19 18:17:25,513-DEBUG-[BUN]: [CB]..Deleting: tempfiles/a876aebb/TEMP01_mainpages.pdf
2025-03-19 18:17:25,513-DEBUG-[BUN]: [CB]....deleted.
2025-03-19 18:17:25,513-DEBUG-[BUN]: [CB]..Deleting: tempfiles/a876aebb/TEMP02_dummy_toc.pdf
2025-03-19 18:17:25,513-DEBUG-[BUN]: [CB]....deleted.
2025-03-19 18:17:25,513-INFO-[BUN]: [CB]....Info: Temporary file tempfiles/a876aebb/TEMP02_dummy_toc.out does not exist, nothing to clean up.
2025-03-19 18:17:25,513-INFO-[BUN]: [CB]....Info: Temporary file tempfiles/a876aebb/TEMP02_dummy_toc.aux does not exist, nothing to clean up.
2025-03-19 18:17:25,513-INFO-[BUN]: [CB]....Info: Temporary file tempfiles/a876aebb/dummytoc.tex does not exist, nothing to clean up.
2025-03-19 18:17:25,513-DEBUG-[BUN]: [CB]..Deleting: tempfiles/a876aebb/TEMP03_paginated_mainpages.pdf
2025-03-19 18:17:25,513-DEBUG-[BUN]: [CB]....deleted.
2025-03-19 18:17:25,513-INFO-[BUN]: [CB]....Info: Temporary file tempfiles/a876aebb/pageNumbers.aux does not exist, nothing to clean up.
2025-03-19 18:17:25,513-DEBUG-[BUN]: [CB]..Deleting: tempfiles/a876aebb/pageNumbers.pdf
2025-03-19 18:17:25,513-DEBUG-[BUN]: [CB]....deleted.
2025-03-19 18:17:25,513-INFO-[BUN]: [CB]....Info: Temporary file tempfiles/a876aebb/pageNumbers.tex does not exist, nothing to clean up.
2025-03-19 18:17:25,513-DEBUG-[BUN]: [CB]..Deleting: tempfiles/a876aebb/index.pdf
2025-03-19 18:17:25,513-DEBUG-[BUN]: [CB]....deleted.
2025-03-19 18:17:25,513-INFO-[BUN]: [CB]....Info: Temporary file tempfiles/a876aebb/index.out does not exist, nothing to clean up.
2025-03-19 18:17:25,513-INFO-[BUN]: [CB]....Info: Temporary file tempfiles/a876aebb/index.log does not exist, nothing to clean up.
2025-03-19 18:17:25,513-INFO-[BUN]: [CB]....Info: Temporary file tempfiles/a876aebb/index.aux does not exist, nothing to clean up.
2025-03-19 18:17:25,513-INFO-[BUN]: [CB]....Info: Temporary file tempfiles/a876aebb/toc.tex does not exist, nothing to clean up.
2025-03-19 18:17:25,513-DEBUG-[BUN]: [CB]..Deleting: tempfiles/a876aebb/TEMP04_all_pages.pdf
2025-03-19 18:17:25,513-DEBUG-[BUN]: [CB]....deleted.
2025-03-19 18:17:25,513-DEBUG-[BUN]: [CB]..Deleting: tempfiles/a876aebb/TEMP05-hyperlinked.pdf
2025-03-19 18:17:25,513-DEBUG-[BUN]: [CB]....deleted.
2025-03-19 18:17:25,513-DEBUG-[BUN]: [CB]..Deleting: tempfiles/a876aebb/TEMP06_main_bookmarks.pdf
2025-03-19 18:17:25,514-DEBUG-[BUN]: [CB]....deleted.
2025-03-19 18:17:25,514-DEBUG-[BUN]: [CB]..Deleting: tempfiles/a876aebb/TEMP07_all_bookmarks.pdf
2025-03-19 18:17:25,514-DEBUG-[BUN]: [CB]....deleted.
2025-03-19 18:17:25,514-INFO-[BUN]: [CB]..All temporary files deleted successfully.
2025-03-19 18:17:25,514-INFO-[BUN]: [CB]..All temporary files deleted successfully.
2025-03-19 18:17:25,518-DEBUG-[APP]: Copied final PDF to: /tmp/bundles/test_test_20250319_181725.pdf
2025-03-19 18:17:25,518-DEBUG-[APP]: Copied final ZIP to: /tmp/bundles/test_test_20250319_181725_files.zip
