2025-03-19 17:56:48,258-DEBUG-[APP]: Ingesting form information...
2025-03-19 17:56:48,258-INFO-[APP]: ..index file found in form submission
2025-03-19 17:56:48,258-INFO-[APP]: ..index data: <FileStorage: 'index.csv' ('text/csv')>
2025-03-19 17:56:48,258-DEBUG-[APP]: generated output filename: test_test_20250319_175648.pdf
2025-03-19 17:56:48,258-DEBUG-[APP]: Gathering uploaded files...
2025-03-19 17:56:48,258-DEBUG-[APP]: ....[<FileStorage: 'Malvina Reynolds - Magic Penny.pdf' ('application/pdf')>, <FileStorage: 'Jeff Buckley - Hallelujah.pdf' ('application/pdf')>, <FileStorage: '99 Red Balloons.pdf' ('application/pdf')>, <FileStorage: '99 red balloons larger.pdf' ('application/pdf')>, <FileStorage: 'The Longest Johns - Wellerman.pdf' ('application/pdf')>, <FileStorage: 'Nathan Evans - Wellerman.pdf' ('application/pdf')>, <FileStorage: 'AlicebanD - True Blood.pdf' ('application/pdf')>, <FileStorage: 'Gary Jules - Mad World.pdf' ('application/pdf')>, <FileStorage: 'Misc Traditional - Wellerman.pdf' ('application/pdf')>, <FileStorage: 'Parker Millsap - Old Time Religion.pdf' ('application/pdf')>, <FileStorage: 'Buddy Holly - Everyday.pdf' ('application/pdf')>, <FileStorage: 'Smash Mouth - All Star.pdf' ('application/pdf')>, <FileStorage: 'Creedence Clearwater Revival - Bad Moon Rising.pdf' ('application/pdf')>, <FileStorage: 'Kenny Rogers - The Gambler.pdf' ('application/pdf')>, <FileStorage: 'Annie Lennox - Into The West.pdf' ('application/pdf')>, <FileStorage: 'Johnny Cash - Folsom Prison Blues.pdf' ('application/pdf')>, <FileStorage: 'Misc Cartoons - Lava - Lava.pdf' ('application/pdf')>, <FileStorage: 'craig wright is not satoshi.pdf' ('application/pdf')>]
2025-03-19 17:56:48,259-DEBUG-[APP]: ..Processing Malvina Reynolds - Magic Penny.pdf
2025-03-19 17:56:48,259-DEBUG-[APP]: Saved file: tempfiles/7e9fc2b3/Malvina_Reynolds_-_Magic_Penny.pdf
2025-03-19 17:56:48,259-INFO-[APP]: ..File saved to: tempfiles/7e9fc2b3/Malvina_Reynolds_-_Magic_Penny.pdf
2025-03-19 17:56:48,259-DEBUG-[APP]: ..Processing Jeff Buckley - Hallelujah.pdf
2025-03-19 17:56:48,259-DEBUG-[APP]: Saved file: tempfiles/7e9fc2b3/Jeff_Buckley_-_Hallelujah.pdf
2025-03-19 17:56:48,259-INFO-[APP]: ..File saved to: tempfiles/7e9fc2b3/Jeff_Buckley_-_Hallelujah.pdf
2025-03-19 17:56:48,259-DEBUG-[APP]: ..Processing 99 Red Balloons.pdf
2025-03-19 17:56:48,260-DEBUG-[APP]: Saved file: tempfiles/7e9fc2b3/99_Red_Balloons.pdf
2025-03-19 17:56:48,260-INFO-[APP]: ..File saved to: tempfiles/7e9fc2b3/99_Red_Balloons.pdf
2025-03-19 17:56:48,260-DEBUG-[APP]: ..Processing 99 red balloons larger.pdf
2025-03-19 17:56:48,260-DEBUG-[APP]: Saved file: tempfiles/7e9fc2b3/99_red_balloons_larger.pdf
2025-03-19 17:56:48,260-INFO-[APP]: ..File saved to: tempfiles/7e9fc2b3/99_red_balloons_larger.pdf
2025-03-19 17:56:48,260-DEBUG-[APP]: ..Processing The Longest Johns - Wellerman.pdf
2025-03-19 17:56:48,260-DEBUG-[APP]: Saved file: tempfiles/7e9fc2b3/The_Longest_Johns_-_Wellerman.pdf
2025-03-19 17:56:48,260-INFO-[APP]: ..File saved to: tempfiles/7e9fc2b3/The_Longest_Johns_-_Wellerman.pdf
2025-03-19 17:56:48,260-DEBUG-[APP]: ..Processing Nathan Evans - Wellerman.pdf
2025-03-19 17:56:48,260-DEBUG-[APP]: Saved file: tempfiles/7e9fc2b3/Nathan_Evans_-_Wellerman.pdf
2025-03-19 17:56:48,261-INFO-[APP]: ..File saved to: tempfiles/7e9fc2b3/Nathan_Evans_-_Wellerman.pdf
2025-03-19 17:56:48,261-DEBUG-[APP]: ..Processing AlicebanD - True Blood.pdf
2025-03-19 17:56:48,261-DEBUG-[APP]: Saved file: tempfiles/7e9fc2b3/AlicebanD_-_True_Blood.pdf
2025-03-19 17:56:48,261-INFO-[APP]: ..File saved to: tempfiles/7e9fc2b3/AlicebanD_-_True_Blood.pdf
2025-03-19 17:56:48,261-DEBUG-[APP]: ..Processing Gary Jules - Mad World.pdf
2025-03-19 17:56:48,261-DEBUG-[APP]: Saved file: tempfiles/7e9fc2b3/Gary_Jules_-_Mad_World.pdf
2025-03-19 17:56:48,261-INFO-[APP]: ..File saved to: tempfiles/7e9fc2b3/Gary_Jules_-_Mad_World.pdf
2025-03-19 17:56:48,261-DEBUG-[APP]: ..Processing Misc Traditional - Wellerman.pdf
2025-03-19 17:56:48,261-DEBUG-[APP]: Saved file: tempfiles/7e9fc2b3/Misc_Traditional_-_Wellerman.pdf
2025-03-19 17:56:48,261-INFO-[APP]: ..File saved to: tempfiles/7e9fc2b3/Misc_Traditional_-_Wellerman.pdf
2025-03-19 17:56:48,261-DEBUG-[APP]: ..Processing Parker Millsap - Old Time Religion.pdf
2025-03-19 17:56:48,262-DEBUG-[APP]: Saved file: tempfiles/7e9fc2b3/Parker_Millsap_-_Old_Time_Religion.pdf
2025-03-19 17:56:48,262-INFO-[APP]: ..File saved to: tempfiles/7e9fc2b3/Parker_Millsap_-_Old_Time_Religion.pdf
2025-03-19 17:56:48,262-DEBUG-[APP]: ..Processing Buddy Holly - Everyday.pdf
2025-03-19 17:56:48,262-DEBUG-[APP]: Saved file: tempfiles/7e9fc2b3/Buddy_Holly_-_Everyday.pdf
2025-03-19 17:56:48,262-INFO-[APP]: ..File saved to: tempfiles/7e9fc2b3/Buddy_Holly_-_Everyday.pdf
2025-03-19 17:56:48,262-DEBUG-[APP]: ..Processing Smash Mouth - All Star.pdf
2025-03-19 17:56:48,262-DEBUG-[APP]: Saved file: tempfiles/7e9fc2b3/Smash_Mouth_-_All_Star.pdf
2025-03-19 17:56:48,262-INFO-[APP]: ..File saved to: tempfiles/7e9fc2b3/Smash_Mouth_-_All_Star.pdf
2025-03-19 17:56:48,262-DEBUG-[APP]: ..Processing Creedence Clearwater Revival - Bad Moon Rising.pdf
2025-03-19 17:56:48,263-DEBUG-[APP]: Saved file: tempfiles/7e9fc2b3/Creedence_Clearwater_Revival_-_Bad_Moon_Rising.pdf
2025-03-19 17:56:48,263-INFO-[APP]: ..File saved to: tempfiles/7e9fc2b3/Creedence_Clearwater_Revival_-_Bad_Moon_Rising.pdf
2025-03-19 17:56:48,263-DEBUG-[APP]: ..Processing Kenny Rogers - The Gambler.pdf
2025-03-19 17:56:48,263-DEBUG-[APP]: Saved file: tempfiles/7e9fc2b3/Kenny_Rogers_-_The_Gambler.pdf
2025-03-19 17:56:48,263-INFO-[APP]: ..File saved to: tempfiles/7e9fc2b3/Kenny_Rogers_-_The_Gambler.pdf
2025-03-19 17:56:48,263-DEBUG-[APP]: ..Processing Annie Lennox - Into The West.pdf
2025-03-19 17:56:48,263-DEBUG-[APP]: Saved file: tempfiles/7e9fc2b3/Annie_Lennox_-_Into_The_West.pdf
2025-03-19 17:56:48,263-INFO-[APP]: ..File saved to: tempfiles/7e9fc2b3/Annie_Lennox_-_Into_The_West.pdf
2025-03-19 17:56:48,263-DEBUG-[APP]: ..Processing Johnny Cash - Folsom Prison Blues.pdf
2025-03-19 17:56:48,263-DEBUG-[APP]: Saved file: tempfiles/7e9fc2b3/Johnny_Cash_-_Folsom_Prison_Blues.pdf
2025-03-19 17:56:48,263-INFO-[APP]: ..File saved to: tempfiles/7e9fc2b3/Johnny_Cash_-_Folsom_Prison_Blues.pdf
2025-03-19 17:56:48,264-DEBUG-[APP]: ..Processing Misc Cartoons - Lava - Lava.pdf
2025-03-19 17:56:48,264-DEBUG-[APP]: Saved file: tempfiles/7e9fc2b3/Misc_Cartoons_-_Lava_-_Lava.pdf
2025-03-19 17:56:48,264-INFO-[APP]: ..File saved to: tempfiles/7e9fc2b3/Misc_Cartoons_-_Lava_-_Lava.pdf
2025-03-19 17:56:48,264-DEBUG-[APP]: ..Processing craig wright is not satoshi.pdf
2025-03-19 17:56:48,264-DEBUG-[APP]: Saved file: tempfiles/7e9fc2b3/craig_wright_is_not_satoshi.pdf
2025-03-19 17:56:48,264-INFO-[APP]: ..File saved to: tempfiles/7e9fc2b3/craig_wright_is_not_satoshi.pdf
2025-03-19 17:56:48,264-DEBUG-[APP]: No coversheet found in form submission
2025-03-19 17:56:48,264-DEBUG-[APP]: CSV index found in form submission: <FileStorage: 'index.csv' ('text/csv')>
2025-03-19 17:56:48,265-DEBUG-[APP]: Saved file: tempfiles/7e9fc2b3/index_7e9fc2b3_20250319_175648.csv
2025-03-19 17:56:48,265-INFO-[APP]: secure_csv_path: tempfiles/7e9fc2b3/securefilenames_index_7e9fc2b3_20250319_175648.csv
2025-03-19 17:56:48,265-DEBUG-[APP]: Reading input CSV:
2025-03-19 17:56:48,265-DEBUG-[APP]: Processing row: ['\ufefffilename', 'title', 'date', 'section']
2025-03-19 17:56:48,266-DEBUG-[APP]: ..Wrote processed file row: ['filename', 'title', 'date', 'section']
2025-03-19 17:56:48,266-DEBUG-[APP]: Processing row: ['Malvina Reynolds - Magic Penny.pdf', 'Malvina Reynolds - Magic Penny', '2025-02-08', '0']
2025-03-19 17:56:48,266-DEBUG-[APP]: ..Wrote processed file row: ['Malvina_Reynolds_-_Magic_Penny.pdf', 'Malvina Reynolds - Magic Penny', '2025-02-08', '0']
2025-03-19 17:56:48,267-DEBUG-[APP]: Processing row: ['Jeff Buckley - Hallelujah.pdf', 'Jeff Buckley - Hallelujah', '2025-02-10', '0']
2025-03-19 17:56:48,267-DEBUG-[APP]: ..Wrote processed file row: ['Jeff_Buckley_-_Hallelujah.pdf', 'Jeff Buckley - Hallelujah', '2025-02-10', '0']
2025-03-19 17:56:48,267-DEBUG-[APP]: Processing row: ['99 Red Balloons.pdf', '99 Red Balloons', '2025-02-11', '0']
2025-03-19 17:56:48,267-DEBUG-[APP]: ..Wrote processed file row: ['99_Red_Balloons.pdf', '99 Red Balloons', '2025-02-11', '0']
2025-03-19 17:56:48,267-DEBUG-[APP]: Processing row: ['99 red balloons larger.pdf', '99 red balloons larger', '2025-02-11', '0']
2025-03-19 17:56:48,267-DEBUG-[APP]: ..Wrote processed file row: ['99_red_balloons_larger.pdf', '99 red balloons larger', '2025-02-11', '0']
2025-03-19 17:56:48,267-DEBUG-[APP]: Processing row: ['The Longest Johns - Wellerman.pdf', 'The Longest Johns - Wellerman', '2025-02-15', '0']
2025-03-19 17:56:48,267-DEBUG-[APP]: ..Wrote processed file row: ['The_Longest_Johns_-_Wellerman.pdf', 'The Longest Johns - Wellerman', '2025-02-15', '0']
2025-03-19 17:56:48,267-DEBUG-[APP]: Processing row: ['Nathan Evans - Wellerman.pdf', 'Nathan Evans - Wellerman', '2025-02-15', '0']
2025-03-19 17:56:48,267-DEBUG-[APP]: ..Wrote processed file row: ['Nathan_Evans_-_Wellerman.pdf', 'Nathan Evans - Wellerman', '2025-02-15', '0']
2025-03-19 17:56:48,267-DEBUG-[APP]: Processing row: ['AlicebanD - True Blood.pdf', 'AlicebanD - True Blood', '2025-02-15', '0']
2025-03-19 17:56:48,267-DEBUG-[APP]: ..Wrote processed file row: ['AlicebanD_-_True_Blood.pdf', 'AlicebanD - True Blood', '2025-02-15', '0']
2025-03-19 17:56:48,267-DEBUG-[APP]: Processing row: ['Gary Jules - Mad World.pdf', 'Gary Jules - Mad World', '2025-02-17', '0']
2025-03-19 17:56:48,267-DEBUG-[APP]: ..Wrote processed file row: ['Gary_Jules_-_Mad_World.pdf', 'Gary Jules - Mad World', '2025-02-17', '0']
2025-03-19 17:56:48,267-DEBUG-[APP]: Processing row: ['Misc Traditional - Wellerman.pdf', 'Misc Traditional - Wellerman', '2025-02-17', '0']
2025-03-19 17:56:48,267-DEBUG-[APP]: ..Wrote processed file row: ['Misc_Traditional_-_Wellerman.pdf', 'Misc Traditional - Wellerman', '2025-02-17', '0']
2025-03-19 17:56:48,268-DEBUG-[APP]: Processing row: ['Parker Millsap - Old Time Religion.pdf', 'Parker Millsap - Old Time Religion', '2025-02-17', '0']
2025-03-19 17:56:48,268-DEBUG-[APP]: ..Wrote processed file row: ['Parker_Millsap_-_Old_Time_Religion.pdf', 'Parker Millsap - Old Time Religion', '2025-02-17', '0']
2025-03-19 17:56:48,268-DEBUG-[APP]: Processing row: ['Buddy Holly - Everyday.pdf', 'Buddy Holly - Everyday', '2025-02-17', '0']
2025-03-19 17:56:48,268-DEBUG-[APP]: ..Wrote processed file row: ['Buddy_Holly_-_Everyday.pdf', 'Buddy Holly - Everyday', '2025-02-17', '0']
2025-03-19 17:56:48,268-DEBUG-[APP]: Processing row: ['Smash Mouth - All Star.pdf', 'Smash Mouth - All Star', '2025-02-20', '0']
2025-03-19 17:56:48,268-DEBUG-[APP]: ..Wrote processed file row: ['Smash_Mouth_-_All_Star.pdf', 'Smash Mouth - All Star', '2025-02-20', '0']
2025-03-19 17:56:48,268-DEBUG-[APP]: Processing row: ['Creedence Clearwater Revival - Bad Moon Rising.pdf', 'Creedence Clearwater Revival - Bad Moon Rising', '2025-03-01', '0']
2025-03-19 17:56:48,268-DEBUG-[APP]: ..Wrote processed file row: ['Creedence_Clearwater_Revival_-_Bad_Moon_Rising.pdf', 'Creedence Clearwater Revival - Bad Moon Rising', '2025-03-01', '0']
2025-03-19 17:56:48,268-DEBUG-[APP]: Processing row: ['Kenny Rogers - The Gambler.pdf', 'Kenny Rogers - The Gambler', '2025-03-01', '0']
2025-03-19 17:56:48,268-DEBUG-[APP]: ..Wrote processed file row: ['Kenny_Rogers_-_The_Gambler.pdf', 'Kenny Rogers - The Gambler', '2025-03-01', '0']
2025-03-19 17:56:48,268-DEBUG-[APP]: Processing row: ['Annie Lennox - Into The West.pdf', 'Annie Lennox - Into The West', '2025-03-01', '0']
2025-03-19 17:56:48,268-DEBUG-[APP]: ..Wrote processed file row: ['Annie_Lennox_-_Into_The_West.pdf', 'Annie Lennox - Into The West', '2025-03-01', '0']
2025-03-19 17:56:48,268-DEBUG-[APP]: Processing row: ['Johnny Cash - Folsom Prison Blues.pdf', 'Johnny Cash - Folsom Prison Blues', '2025-03-01', '0']
2025-03-19 17:56:48,268-DEBUG-[APP]: ..Wrote processed file row: ['Johnny_Cash_-_Folsom_Prison_Blues.pdf', 'Johnny Cash - Folsom Prison Blues', '2025-03-01', '0']
2025-03-19 17:56:48,268-DEBUG-[APP]: Processing row: ['Misc Cartoons - Lava - Lava.pdf', 'Misc Cartoons - Lava - Lava', '2025-03-08', '0']
2025-03-19 17:56:48,268-DEBUG-[APP]: ..Wrote processed file row: ['Misc_Cartoons_-_Lava_-_Lava.pdf', 'Misc Cartoons - Lava - Lava', '2025-03-08', '0']
2025-03-19 17:56:48,268-DEBUG-[APP]: Processing row: ['craig wright is not satoshi.pdf', 'craig wright is not satoshi', '2025-03-15', '0']
2025-03-19 17:56:48,268-DEBUG-[APP]: ..Wrote processed file row: ['craig_wright_is_not_satoshi.pdf', 'craig wright is not satoshi', '2025-03-15', '0']
2025-03-19 17:56:48,269-INFO-[APP]: ..saved csv index as tempfiles/7e9fc2b3/securefilenames_index_7e9fc2b3_20250319_175648.csv
2025-03-19 17:56:48,269-DEBUG-[APP]: CSV saved to: tempfiles/7e9fc2b3/index_7e9fc2b3_20250319_175648.csv
2025-03-19 17:56:48,269-INFO-[APP]: Calling buntool.create_bundle with params:
2025-03-19 17:56:48,269-INFO-[APP]: ....input_files: ['tempfiles/7e9fc2b3/Malvina_Reynolds_-_Magic_Penny.pdf', 'tempfiles/7e9fc2b3/Jeff_Buckley_-_Hallelujah.pdf', 'tempfiles/7e9fc2b3/99_Red_Balloons.pdf', 'tempfiles/7e9fc2b3/99_red_balloons_larger.pdf', 'tempfiles/7e9fc2b3/The_Longest_Johns_-_Wellerman.pdf', 'tempfiles/7e9fc2b3/Nathan_Evans_-_Wellerman.pdf', 'tempfiles/7e9fc2b3/AlicebanD_-_True_Blood.pdf', 'tempfiles/7e9fc2b3/Gary_Jules_-_Mad_World.pdf', 'tempfiles/7e9fc2b3/Misc_Traditional_-_Wellerman.pdf', 'tempfiles/7e9fc2b3/Parker_Millsap_-_Old_Time_Religion.pdf', 'tempfiles/7e9fc2b3/Buddy_Holly_-_Everyday.pdf', 'tempfiles/7e9fc2b3/Smash_Mouth_-_All_Star.pdf', 'tempfiles/7e9fc2b3/Creedence_Clearwater_Revival_-_Bad_Moon_Rising.pdf', 'tempfiles/7e9fc2b3/Kenny_Rogers_-_The_Gambler.pdf', 'tempfiles/7e9fc2b3/Annie_Lennox_-_Into_The_West.pdf', 'tempfiles/7e9fc2b3/Johnny_Cash_-_Folsom_Prison_Blues.pdf', 'tempfiles/7e9fc2b3/Misc_Cartoons_-_Lava_-_Lava.pdf', 'tempfiles/7e9fc2b3/craig_wright_is_not_satoshi.pdf']
2025-03-19 17:56:48,269-INFO-[APP]: ....output_file: test_test_20250319_175648.pdf
2025-03-19 17:56:48,269-INFO-[APP]: ....secure_coversheet_filename: None
2025-03-19 17:56:48,269-INFO-[APP]: ....sanitised_filenames_index_csv: tempfiles/7e9fc2b3/securefilenames_index_7e9fc2b3_20250319_175648.csv
2025-03-19 17:56:48,269-INFO-[APP]: ....bundle_config elements:
2025-03-19 17:56:48,269-INFO-[APP]: ........timestamp: 20250319_175648
2025-03-19 17:56:48,269-INFO-[APP]: ........case_details: ['test', 'test', 'test']
2025-03-19 17:56:48,269-INFO-[APP]: ........confidential_bool: None
2025-03-19 17:56:48,269-INFO-[APP]: ........zip_bool: True
2025-03-19 17:56:48,269-INFO-[APP]: ........session_id: 7e9fc2b3
2025-03-19 17:56:48,269-INFO-[APP]: ........user_agent: Mozilla/5.0 (Windows NT 10.0; Win64; x64; rv:126.0) Gecko/20100101 Firefox/126.1
2025-03-19 17:56:48,269-INFO-[APP]: ........page_num_align: right
2025-03-19 17:56:48,270-INFO-[APP]: ........index_font: sans
2025-03-19 17:56:48,270-INFO-[APP]: ........footer_font: sans
2025-03-19 17:56:48,270-INFO-[APP]: ........page_num_style: page_x
2025-03-19 17:56:48,270-INFO-[APP]: ........footer_prefix: 
2025-03-19 17:56:48,270-INFO-[APP]: ........date_setting: uk_abbreviated_date
2025-03-19 17:56:48,270-INFO-[APP]: ........roman_for_preface: False
2025-03-19 17:56:48,270-INFO-[APP]: ........temp_dir: tempfiles/7e9fc2b3
2025-03-19 17:56:48,270-INFO-[APP]: ........logs_dir: logs
2025-03-19 17:56:48,270-INFO-[APP]: ........bookmark_setting: None
2025-03-19 17:56:48,270-INFO-[BUN]: [CB]THIS IS BUNTOOL VERSION 2025-01-24
2025-03-19 17:56:48,270-INFO-[BUN]: [CB]Temp directory created at tempfiles/7e9fc2b3.
2025-03-19 17:56:48,270-INFO-[BUN]: *****New session: 7e9fc2b3 called create_bundle*****
2025-03-19 17:56:48,270-INFO-[BUN]: 7e9fc2b3 has the USER AGENT: Mozilla/5.0 (Windows NT 10.0; Win64; x64; rv:126.0) Gecko/20100101 Firefox/126.1
2025-03-19 17:56:48,270-INFO-[BUN]: Bundle creation called with 18 input files and output file test_test_20250319_175648.pdf
2025-03-19 17:56:48,270-DEBUG-[BUN]: [CB]create_bundle received the following arguments:
2025-03-19 17:56:48,271-DEBUG-[BUN]: [CB]....input_files: ['tempfiles/7e9fc2b3/Malvina_Reynolds_-_Magic_Penny.pdf', 'tempfiles/7e9fc2b3/Jeff_Buckley_-_Hallelujah.pdf', 'tempfiles/7e9fc2b3/99_Red_Balloons.pdf', 'tempfiles/7e9fc2b3/99_red_balloons_larger.pdf', 'tempfiles/7e9fc2b3/The_Longest_Johns_-_Wellerman.pdf', 'tempfiles/7e9fc2b3/Nathan_Evans_-_Wellerman.pdf', 'tempfiles/7e9fc2b3/AlicebanD_-_True_Blood.pdf', 'tempfiles/7e9fc2b3/Gary_Jules_-_Mad_World.pdf', 'tempfiles/7e9fc2b3/Misc_Traditional_-_Wellerman.pdf', 'tempfiles/7e9fc2b3/Parker_Millsap_-_Old_Time_Religion.pdf', 'tempfiles/7e9fc2b3/Buddy_Holly_-_Everyday.pdf', 'tempfiles/7e9fc2b3/Smash_Mouth_-_All_Star.pdf', 'tempfiles/7e9fc2b3/Creedence_Clearwater_Revival_-_Bad_Moon_Rising.pdf', 'tempfiles/7e9fc2b3/Kenny_Rogers_-_The_Gambler.pdf', 'tempfiles/7e9fc2b3/Annie_Lennox_-_Into_The_West.pdf', 'tempfiles/7e9fc2b3/Johnny_Cash_-_Folsom_Prison_Blues.pdf', 'tempfiles/7e9fc2b3/Misc_Cartoons_-_Lava_-_Lava.pdf', 'tempfiles/7e9fc2b3/craig_wright_is_not_satoshi.pdf']
2025-03-19 17:56:48,271-DEBUG-[BUN]: [CB]....output_file: test_test_20250319_175648.pdf
2025-03-19 17:56:48,271-DEBUG-[BUN]: [CB]....coversheet: None
2025-03-19 17:56:48,271-DEBUG-[BUN]: [CB]....index_file: tempfiles/7e9fc2b3/securefilenames_index_7e9fc2b3_20250319_175648.csv
2025-03-19 17:56:48,271-DEBUG-[BUN]: [CB]....bundle_config: {'timestamp': '20250319_175648', 'case_details': ['test', 'test', 'test'], 'csv_string': None, 'confidential_bool': False, 'zip_bool': True, 'session_id': '7e9fc2b3', 'user_agent': 'Mozilla/5.0 (Windows NT 10.0; Win64; x64; rv:126.0) Gecko/20100101 Firefox/126.1', 'page_num_align': 'right', 'index_font': 'sans', 'footer_font': 'sans', 'page_num_style': 'page_x', 'footer_prefix': '', 'date_setting': 'uk_abbreviated_date', 'roman_for_preface': False, 'expected_length_of_frontmatter': 0, 'main_page_count': 0, 'total_number_of_pages': 0, 'temp_dir': 'tempfiles/7e9fc2b3', 'logs_dir': 'logs', 'bookmark_setting': 'uk_abbreviated'}
2025-03-19 17:56:48,271-DEBUG-[BUN]: [CB]Calling load_index_data [LI] with index_file: tempfiles/7e9fc2b3/securefilenames_index_7e9fc2b3_20250319_175648.csv
2025-03-19 17:56:48,271-DEBUG-[BUN]: [LID]Loading index data from tempfiles/7e9fc2b3/securefilenames_index_7e9fc2b3_20250319_175648.csv
2025-03-19 17:56:48,273-ERROR-[BUN]: [CB]Error during create_bundle: name 'date' is not defined
2025-03-19 17:56:48,273-DEBUG-[BUN]: [CB]Calling create_zip_file:
2025-03-19 17:56:48,273-ERROR-[BUN]: [CB]..Error during create_zip_file: cannot access local variable 'docx_output_path' where it is not associated with a value
2025-03-19 17:56:48,273-ERROR-[APP]: Fatal Error creating bundle: cannot access local variable 'docx_output_path' where it is not associated with a value
