2025-03-19 18:25:10,987-DEBUG-[APP]: Ingesting form information...
2025-03-19 18:25:10,987-INFO-[APP]: ..index file found in form submission
2025-03-19 18:25:10,987-INFO-[APP]: ..index data: <FileStorage: 'index.csv' ('text/csv')>
2025-03-19 18:25:10,987-DEBUG-[APP]: generated output filename: Bundle A: Proceedos_Smith v Jones_20250319_182510.pdf
2025-03-19 18:25:10,987-DEBUG-[APP]: Gathering uploaded files...
2025-03-19 18:25:10,988-DEBUG-[APP]: ....[<FileStorage: 'Malvina Reynolds - Magic Penny - 1 feb 2023.pdf' ('application/pdf')>, <FileStorage: 'Jeff Buckley - Hallelujah.pdf' ('application/pdf')>, <FileStorage: '99 Red Balloons.pdf' ('application/pdf')>, <FileStorage: '99 red balloons larger.pdf' ('application/pdf')>, <FileStorage: 'The Longest Johns - Wellerman.pdf' ('application/pdf')>, <FileStorage: 'Nathan Evans - Wellerman.pdf' ('application/pdf')>, <FileStorage: 'AlicebanD - True Blood.pdf' ('application/pdf')>, <FileStorage: 'Gary Jules - Mad World.pdf' ('application/pdf')>, <FileStorage: 'Misc Traditional - Wellerman.pdf' ('application/pdf')>, <FileStorage: 'Parker Millsap - Old Time Religion.pdf' ('application/pdf')>, <FileStorage: 'Buddy Holly - Everyday.pdf' ('application/pdf')>, <FileStorage: 'Smash Mouth - All Star.pdf' ('application/pdf')>, <FileStorage: 'Creedence Clearwater Revival - Bad Moon Rising.pdf' ('application/pdf')>, <FileStorage: 'Kenny Rogers - The Gambler.pdf' ('application/pdf')>, <FileStorage: 'Annie Lennox - Into The West.pdf' ('application/pdf')>, <FileStorage: 'Johnny Cash - Folsom Prison Blues.pdf' ('application/pdf')>, <FileStorage: 'Misc Cartoons - Lava - Lava.pdf' ('application/pdf')>, <FileStorage: 'craig wright is not satoshi.pdf' ('application/pdf')>]
2025-03-19 18:25:10,988-DEBUG-[APP]: ..Processing Malvina Reynolds - Magic Penny - 1 feb 2023.pdf
2025-03-19 18:25:10,988-DEBUG-[APP]: Saved file: tempfiles/520f35bf/Malvina_Reynolds_-_Magic_Penny_-_1_feb_2023.pdf
2025-03-19 18:25:10,988-INFO-[APP]: ..File saved to: tempfiles/520f35bf/Malvina_Reynolds_-_Magic_Penny_-_1_feb_2023.pdf
2025-03-19 18:25:10,988-DEBUG-[APP]: ..Processing Jeff Buckley - Hallelujah.pdf
2025-03-19 18:25:10,989-DEBUG-[APP]: Saved file: tempfiles/520f35bf/Jeff_Buckley_-_Hallelujah.pdf
2025-03-19 18:25:10,989-INFO-[APP]: ..File saved to: tempfiles/520f35bf/Jeff_Buckley_-_Hallelujah.pdf
2025-03-19 18:25:10,989-DEBUG-[APP]: ..Processing 99 Red Balloons.pdf
2025-03-19 18:25:10,989-DEBUG-[APP]: Saved file: tempfiles/520f35bf/99_Red_Balloons.pdf
2025-03-19 18:25:10,989-INFO-[APP]: ..File saved to: tempfiles/520f35bf/99_Red_Balloons.pdf
2025-03-19 18:25:10,989-DEBUG-[APP]: ..Processing 99 red balloons larger.pdf
2025-03-19 18:25:10,989-DEBUG-[APP]: Saved file: tempfiles/520f35bf/99_red_balloons_larger.pdf
2025-03-19 18:25:10,989-INFO-[APP]: ..File saved to: tempfiles/520f35bf/99_red_balloons_larger.pdf
2025-03-19 18:25:10,989-DEBUG-[APP]: ..Processing The Longest Johns - Wellerman.pdf
2025-03-19 18:25:10,990-DEBUG-[APP]: Saved file: tempfiles/520f35bf/The_Longest_Johns_-_Wellerman.pdf
2025-03-19 18:25:10,990-INFO-[APP]: ..File saved to: tempfiles/520f35bf/The_Longest_Johns_-_Wellerman.pdf
2025-03-19 18:25:10,990-DEBUG-[APP]: ..Processing Nathan Evans - Wellerman.pdf
2025-03-19 18:25:10,990-DEBUG-[APP]: Saved file: tempfiles/520f35bf/Nathan_Evans_-_Wellerman.pdf
2025-03-19 18:25:10,990-INFO-[APP]: ..File saved to: tempfiles/520f35bf/Nathan_Evans_-_Wellerman.pdf
2025-03-19 18:25:10,990-DEBUG-[APP]: ..Processing AlicebanD - True Blood.pdf
2025-03-19 18:25:10,990-DEBUG-[APP]: Saved file: tempfiles/520f35bf/AlicebanD_-_True_Blood.pdf
2025-03-19 18:25:10,990-INFO-[APP]: ..File saved to: tempfiles/520f35bf/AlicebanD_-_True_Blood.pdf
2025-03-19 18:25:10,990-DEBUG-[APP]: ..Processing Gary Jules - Mad World.pdf
2025-03-19 18:25:10,990-DEBUG-[APP]: Saved file: tempfiles/520f35bf/Gary_Jules_-_Mad_World.pdf
2025-03-19 18:25:10,990-INFO-[APP]: ..File saved to: tempfiles/520f35bf/Gary_Jules_-_Mad_World.pdf
2025-03-19 18:25:10,990-DEBUG-[APP]: ..Processing Misc Traditional - Wellerman.pdf
2025-03-19 18:25:10,991-DEBUG-[APP]: Saved file: tempfiles/520f35bf/Misc_Traditional_-_Wellerman.pdf
2025-03-19 18:25:10,991-INFO-[APP]: ..File saved to: tempfiles/520f35bf/Misc_Traditional_-_Wellerman.pdf
2025-03-19 18:25:10,991-DEBUG-[APP]: ..Processing Parker Millsap - Old Time Religion.pdf
2025-03-19 18:25:10,991-DEBUG-[APP]: Saved file: tempfiles/520f35bf/Parker_Millsap_-_Old_Time_Religion.pdf
2025-03-19 18:25:10,991-INFO-[APP]: ..File saved to: tempfiles/520f35bf/Parker_Millsap_-_Old_Time_Religion.pdf
2025-03-19 18:25:10,991-DEBUG-[APP]: ..Processing Buddy Holly - Everyday.pdf
2025-03-19 18:25:10,991-DEBUG-[APP]: Saved file: tempfiles/520f35bf/Buddy_Holly_-_Everyday.pdf
2025-03-19 18:25:10,991-INFO-[APP]: ..File saved to: tempfiles/520f35bf/Buddy_Holly_-_Everyday.pdf
2025-03-19 18:25:10,991-DEBUG-[APP]: ..Processing Smash Mouth - All Star.pdf
2025-03-19 18:25:10,991-DEBUG-[APP]: Saved file: tempfiles/520f35bf/Smash_Mouth_-_All_Star.pdf
2025-03-19 18:25:10,991-INFO-[APP]: ..File saved to: tempfiles/520f35bf/Smash_Mouth_-_All_Star.pdf
2025-03-19 18:25:10,992-DEBUG-[APP]: ..Processing Creedence Clearwater Revival - Bad Moon Rising.pdf
2025-03-19 18:25:10,992-DEBUG-[APP]: Saved file: tempfiles/520f35bf/Creedence_Clearwater_Revival_-_Bad_Moon_Rising.pdf
2025-03-19 18:25:10,992-INFO-[APP]: ..File saved to: tempfiles/520f35bf/Creedence_Clearwater_Revival_-_Bad_Moon_Rising.pdf
2025-03-19 18:25:10,992-DEBUG-[APP]: ..Processing Kenny Rogers - The Gambler.pdf
2025-03-19 18:25:10,992-DEBUG-[APP]: Saved file: tempfiles/520f35bf/Kenny_Rogers_-_The_Gambler.pdf
2025-03-19 18:25:10,992-INFO-[APP]: ..File saved to: tempfiles/520f35bf/Kenny_Rogers_-_The_Gambler.pdf
2025-03-19 18:25:10,992-DEBUG-[APP]: ..Processing Annie Lennox - Into The West.pdf
2025-03-19 18:25:10,992-DEBUG-[APP]: Saved file: tempfiles/520f35bf/Annie_Lennox_-_Into_The_West.pdf
2025-03-19 18:25:10,992-INFO-[APP]: ..File saved to: tempfiles/520f35bf/Annie_Lennox_-_Into_The_West.pdf
2025-03-19 18:25:10,992-DEBUG-[APP]: ..Processing Johnny Cash - Folsom Prison Blues.pdf
2025-03-19 18:25:10,992-DEBUG-[APP]: Saved file: tempfiles/520f35bf/Johnny_Cash_-_Folsom_Prison_Blues.pdf
2025-03-19 18:25:10,993-INFO-[APP]: ..File saved to: tempfiles/520f35bf/Johnny_Cash_-_Folsom_Prison_Blues.pdf
2025-03-19 18:25:10,993-DEBUG-[APP]: ..Processing Misc Cartoons - Lava - Lava.pdf
2025-03-19 18:25:10,993-DEBUG-[APP]: Saved file: tempfiles/520f35bf/Misc_Cartoons_-_Lava_-_Lava.pdf
2025-03-19 18:25:10,993-INFO-[APP]: ..File saved to: tempfiles/520f35bf/Misc_Cartoons_-_Lava_-_Lava.pdf
2025-03-19 18:25:10,993-DEBUG-[APP]: ..Processing craig wright is not satoshi.pdf
2025-03-19 18:25:10,993-DEBUG-[APP]: Saved file: tempfiles/520f35bf/craig_wright_is_not_satoshi.pdf
2025-03-19 18:25:10,993-INFO-[APP]: ..File saved to: tempfiles/520f35bf/craig_wright_is_not_satoshi.pdf
2025-03-19 18:25:10,993-DEBUG-[APP]: No coversheet found in form submission
2025-03-19 18:25:10,993-DEBUG-[APP]: CSV index found in form submission: <FileStorage: 'index.csv' ('text/csv')>
2025-03-19 18:25:10,993-DEBUG-[APP]: Saved file: tempfiles/520f35bf/index_520f35bf_20250319_182510.csv
2025-03-19 18:25:10,993-INFO-[APP]: secure_csv_path: tempfiles/520f35bf/securefilenames_index_520f35bf_20250319_182510.csv
2025-03-19 18:25:10,994-DEBUG-[APP]: Reading input CSV:
2025-03-19 18:25:10,994-DEBUG-[APP]: Processing row: ['\ufefffilename', 'title', 'date', 'section']
2025-03-19 18:25:10,994-DEBUG-[APP]: ..Wrote processed file row: ['filename', 'title', 'date', 'section']
2025-03-19 18:25:10,994-DEBUG-[APP]: Processing row: ['SECTION_BREAK_1', 'asdfasdf', '', '1']
2025-03-19 18:25:10,994-DEBUG-[APP]: ..Found section marker row
2025-03-19 18:25:10,994-DEBUG-[APP]: Processing row: ['Malvina Reynolds - Magic Penny - 1 feb 2023.pdf', 'Malvina Reynolds - Magic Penny - 1 feb 2023', '2023-02-01', '0']
2025-03-19 18:25:10,994-DEBUG-[APP]: ..Wrote processed file row: ['Malvina_Reynolds_-_Magic_Penny_-_1_feb_2023.pdf', 'Malvina Reynolds - Magic Penny - 1 feb 2023', '2023-02-01', '0']
2025-03-19 18:25:10,994-DEBUG-[APP]: Processing row: ['Jeff Buckley - Hallelujah.pdf', 'Jeff Buckley - Hallelujah', '2025-02-10', '0']
2025-03-19 18:25:10,994-DEBUG-[APP]: ..Wrote processed file row: ['Jeff_Buckley_-_Hallelujah.pdf', 'Jeff Buckley - Hallelujah', '2025-02-10', '0']
2025-03-19 18:25:10,994-DEBUG-[APP]: Processing row: ['99 Red Balloons.pdf', '99 Red Balloons', '2025-02-11', '0']
2025-03-19 18:25:10,994-DEBUG-[APP]: ..Wrote processed file row: ['99_Red_Balloons.pdf', '99 Red Balloons', '2025-02-11', '0']
2025-03-19 18:25:10,994-DEBUG-[APP]: Processing row: ['99 red balloons larger.pdf', '99 red balloons larger', '2025-02-11', '0']
2025-03-19 18:25:10,994-DEBUG-[APP]: ..Wrote processed file row: ['99_red_balloons_larger.pdf', '99 red balloons larger', '2025-02-11', '0']
2025-03-19 18:25:10,994-DEBUG-[APP]: Processing row: ['The Longest Johns - Wellerman.pdf', 'The Longest Johns - Wellerman', '2025-02-15', '0']
2025-03-19 18:25:10,995-DEBUG-[APP]: ..Wrote processed file row: ['The_Longest_Johns_-_Wellerman.pdf', 'The Longest Johns - Wellerman', '2025-02-15', '0']
2025-03-19 18:25:10,995-DEBUG-[APP]: Processing row: ['Nathan Evans - Wellerman.pdf', 'Nathan Evans - Wellerman', '2025-02-15', '0']
2025-03-19 18:25:10,995-DEBUG-[APP]: ..Wrote processed file row: ['Nathan_Evans_-_Wellerman.pdf', 'Nathan Evans - Wellerman', '2025-02-15', '0']
2025-03-19 18:25:10,995-DEBUG-[APP]: Processing row: ['AlicebanD - True Blood.pdf', 'AlicebanD - True Blood', '2025-02-15', '0']
2025-03-19 18:25:10,995-DEBUG-[APP]: ..Wrote processed file row: ['AlicebanD_-_True_Blood.pdf', 'AlicebanD - True Blood', '2025-02-15', '0']
2025-03-19 18:25:10,995-DEBUG-[APP]: Processing row: ['Gary Jules - Mad World.pdf', 'Gary Jules - Mad World', '2025-02-17', '0']
2025-03-19 18:25:10,995-DEBUG-[APP]: ..Wrote processed file row: ['Gary_Jules_-_Mad_World.pdf', 'Gary Jules - Mad World', '2025-02-17', '0']
2025-03-19 18:25:10,995-DEBUG-[APP]: Processing row: ['Misc Traditional - Wellerman.pdf', 'Misc Traditional - Wellerman', '2025-02-17', '0']
2025-03-19 18:25:10,995-DEBUG-[APP]: ..Wrote processed file row: ['Misc_Traditional_-_Wellerman.pdf', 'Misc Traditional - Wellerman', '2025-02-17', '0']
2025-03-19 18:25:10,995-DEBUG-[APP]: Processing row: ['Parker Millsap - Old Time Religion.pdf', 'Parker Millsap - Old Time Religion', '2025-02-17', '0']
2025-03-19 18:25:10,995-DEBUG-[APP]: ..Wrote processed file row: ['Parker_Millsap_-_Old_Time_Religion.pdf', 'Parker Millsap - Old Time Religion', '2025-02-17', '0']
2025-03-19 18:25:10,995-DEBUG-[APP]: Processing row: ['Buddy Holly - Everyday.pdf', 'Buddy Holly - Everyday', '2025-02-17', '0']
2025-03-19 18:25:10,995-DEBUG-[APP]: ..Wrote processed file row: ['Buddy_Holly_-_Everyday.pdf', 'Buddy Holly - Everyday', '2025-02-17', '0']
2025-03-19 18:25:10,995-DEBUG-[APP]: Processing row: ['Smash Mouth - All Star.pdf', 'Smash Mouth - All Star', '2025-02-20', '0']
2025-03-19 18:25:10,995-DEBUG-[APP]: ..Wrote processed file row: ['Smash_Mouth_-_All_Star.pdf', 'Smash Mouth - All Star', '2025-02-20', '0']
2025-03-19 18:25:10,995-DEBUG-[APP]: Processing row: ['Creedence Clearwater Revival - Bad Moon Rising.pdf', 'Creedence Clearwater Revival - Bad Moon Rising', '2025-03-01', '0']
2025-03-19 18:25:10,995-DEBUG-[APP]: ..Wrote processed file row: ['Creedence_Clearwater_Revival_-_Bad_Moon_Rising.pdf', 'Creedence Clearwater Revival - Bad Moon Rising', '2025-03-01', '0']
2025-03-19 18:25:10,996-DEBUG-[APP]: Processing row: ['Kenny Rogers - The Gambler.pdf', 'Kenny Rogers - The Gambler', '2025-03-01', '0']
2025-03-19 18:25:10,996-DEBUG-[APP]: ..Wrote processed file row: ['Kenny_Rogers_-_The_Gambler.pdf', 'Kenny Rogers - The Gambler', '2025-03-01', '0']
2025-03-19 18:25:10,996-DEBUG-[APP]: Processing row: ['Annie Lennox - Into The West.pdf', 'Annie Lennox - Into The West', '2025-03-01', '0']
2025-03-19 18:25:10,996-DEBUG-[APP]: ..Wrote processed file row: ['Annie_Lennox_-_Into_The_West.pdf', 'Annie Lennox - Into The West', '2025-03-01', '0']
2025-03-19 18:25:10,996-DEBUG-[APP]: Processing row: ['Johnny Cash - Folsom Prison Blues.pdf', 'Johnny Cash - Folsom Prison Blues', '2025-03-01', '0']
2025-03-19 18:25:10,996-DEBUG-[APP]: ..Wrote processed file row: ['Johnny_Cash_-_Folsom_Prison_Blues.pdf', 'Johnny Cash - Folsom Prison Blues', '2025-03-01', '0']
2025-03-19 18:25:10,996-DEBUG-[APP]: Processing row: ['Misc Cartoons - Lava - Lava.pdf', 'Misc Cartoons - Lava - Lava', '2025-03-08', '0']
2025-03-19 18:25:10,996-DEBUG-[APP]: ..Wrote processed file row: ['Misc_Cartoons_-_Lava_-_Lava.pdf', 'Misc Cartoons - Lava - Lava', '2025-03-08', '0']
2025-03-19 18:25:10,996-DEBUG-[APP]: Processing row: ['craig wright is not satoshi.pdf', 'craig wright is not satoshi', '2025-03-15', '0']
2025-03-19 18:25:10,996-DEBUG-[APP]: ..Wrote processed file row: ['craig_wright_is_not_satoshi.pdf', 'craig wright is not satoshi', '2025-03-15', '0']
2025-03-19 18:25:10,996-INFO-[APP]: ..saved csv index as tempfiles/520f35bf/securefilenames_index_520f35bf_20250319_182510.csv
2025-03-19 18:25:10,996-DEBUG-[APP]: CSV saved to: tempfiles/520f35bf/index_520f35bf_20250319_182510.csv
2025-03-19 18:25:10,996-INFO-[APP]: Calling buntool.create_bundle with params:
2025-03-19 18:25:10,996-INFO-[APP]: ....input_files: ['tempfiles/520f35bf/Malvina_Reynolds_-_Magic_Penny_-_1_feb_2023.pdf', 'tempfiles/520f35bf/Jeff_Buckley_-_Hallelujah.pdf', 'tempfiles/520f35bf/99_Red_Balloons.pdf', 'tempfiles/520f35bf/99_red_balloons_larger.pdf', 'tempfiles/520f35bf/The_Longest_Johns_-_Wellerman.pdf', 'tempfiles/520f35bf/Nathan_Evans_-_Wellerman.pdf', 'tempfiles/520f35bf/AlicebanD_-_True_Blood.pdf', 'tempfiles/520f35bf/Gary_Jules_-_Mad_World.pdf', 'tempfiles/520f35bf/Misc_Traditional_-_Wellerman.pdf', 'tempfiles/520f35bf/Parker_Millsap_-_Old_Time_Religion.pdf', 'tempfiles/520f35bf/Buddy_Holly_-_Everyday.pdf', 'tempfiles/520f35bf/Smash_Mouth_-_All_Star.pdf', 'tempfiles/520f35bf/Creedence_Clearwater_Revival_-_Bad_Moon_Rising.pdf', 'tempfiles/520f35bf/Kenny_Rogers_-_The_Gambler.pdf', 'tempfiles/520f35bf/Annie_Lennox_-_Into_The_West.pdf', 'tempfiles/520f35bf/Johnny_Cash_-_Folsom_Prison_Blues.pdf', 'tempfiles/520f35bf/Misc_Cartoons_-_Lava_-_Lava.pdf', 'tempfiles/520f35bf/craig_wright_is_not_satoshi.pdf']
2025-03-19 18:25:10,996-INFO-[APP]: ....output_file: Bundle A: Proceedos_Smith v Jones_20250319_182510.pdf
2025-03-19 18:25:10,996-INFO-[APP]: ....secure_coversheet_filename: None
2025-03-19 18:25:10,997-INFO-[APP]: ....sanitised_filenames_index_csv: tempfiles/520f35bf/securefilenames_index_520f35bf_20250319_182510.csv
2025-03-19 18:25:10,997-INFO-[APP]: ....bundle_config elements:
2025-03-19 18:25:10,997-INFO-[APP]: ........timestamp: 20250319_182510
2025-03-19 18:25:10,997-INFO-[APP]: ........case_details: ['Bundle A: Proceedos', 'IP-2020-20202020', 'Smith v Jones']
2025-03-19 18:25:10,997-INFO-[APP]: ........confidential_bool: None
2025-03-19 18:25:10,997-INFO-[APP]: ........zip_bool: True
2025-03-19 18:25:10,997-INFO-[APP]: ........session_id: 520f35bf
2025-03-19 18:25:10,997-INFO-[APP]: ........user_agent: Mozilla/5.0 (Windows NT 10.0; Win64; x64; rv:126.0) Gecko/20100101 Firefox/126.1
2025-03-19 18:25:10,997-INFO-[APP]: ........page_num_align: right
2025-03-19 18:25:10,997-INFO-[APP]: ........index_font: sans
2025-03-19 18:25:10,997-INFO-[APP]: ........footer_font: sans
2025-03-19 18:25:10,997-INFO-[APP]: ........page_num_style: page_x
2025-03-19 18:25:10,997-INFO-[APP]: ........footer_prefix: 
2025-03-19 18:25:10,997-INFO-[APP]: ........date_setting: uk_abbreviated_date
2025-03-19 18:25:10,997-INFO-[APP]: ........roman_for_preface: False
2025-03-19 18:25:10,997-INFO-[APP]: ........temp_dir: tempfiles/520f35bf
2025-03-19 18:25:10,997-INFO-[APP]: ........logs_dir: logs
2025-03-19 18:25:10,997-INFO-[APP]: ........bookmark_setting: tab-title
2025-03-19 18:25:10,998-INFO-[BUN]: [CB]THIS IS BUNTOOL VERSION 2025-01-24
2025-03-19 18:25:10,998-INFO-[BUN]: [CB]Temp directory created at tempfiles/520f35bf.
2025-03-19 18:25:10,998-INFO-[BUN]: *****New session: 520f35bf called create_bundle*****
2025-03-19 18:25:10,998-INFO-[BUN]: 520f35bf has the USER AGENT: Mozilla/5.0 (Windows NT 10.0; Win64; x64; rv:126.0) Gecko/20100101 Firefox/126.1
2025-03-19 18:25:10,998-INFO-[BUN]: Bundle creation called with 18 input files and output file Bundle_A_Proceedos_Smith_v_Jones_20250319_182510.pdf
2025-03-19 18:25:10,998-DEBUG-[BUN]: [CB]create_bundle received the following arguments:
2025-03-19 18:25:10,998-DEBUG-[BUN]: [CB]....input_files: ['tempfiles/520f35bf/Malvina_Reynolds_-_Magic_Penny_-_1_feb_2023.pdf', 'tempfiles/520f35bf/Jeff_Buckley_-_Hallelujah.pdf', 'tempfiles/520f35bf/99_Red_Balloons.pdf', 'tempfiles/520f35bf/99_red_balloons_larger.pdf', 'tempfiles/520f35bf/The_Longest_Johns_-_Wellerman.pdf', 'tempfiles/520f35bf/Nathan_Evans_-_Wellerman.pdf', 'tempfiles/520f35bf/AlicebanD_-_True_Blood.pdf', 'tempfiles/520f35bf/Gary_Jules_-_Mad_World.pdf', 'tempfiles/520f35bf/Misc_Traditional_-_Wellerman.pdf', 'tempfiles/520f35bf/Parker_Millsap_-_Old_Time_Religion.pdf', 'tempfiles/520f35bf/Buddy_Holly_-_Everyday.pdf', 'tempfiles/520f35bf/Smash_Mouth_-_All_Star.pdf', 'tempfiles/520f35bf/Creedence_Clearwater_Revival_-_Bad_Moon_Rising.pdf', 'tempfiles/520f35bf/Kenny_Rogers_-_The_Gambler.pdf', 'tempfiles/520f35bf/Annie_Lennox_-_Into_The_West.pdf', 'tempfiles/520f35bf/Johnny_Cash_-_Folsom_Prison_Blues.pdf', 'tempfiles/520f35bf/Misc_Cartoons_-_Lava_-_Lava.pdf', 'tempfiles/520f35bf/craig_wright_is_not_satoshi.pdf']
2025-03-19 18:25:10,998-DEBUG-[BUN]: [CB]....output_file: Bundle_A_Proceedos_Smith_v_Jones_20250319_182510.pdf
2025-03-19 18:25:10,998-DEBUG-[BUN]: [CB]....coversheet: None
2025-03-19 18:25:10,998-DEBUG-[BUN]: [CB]....index_file: tempfiles/520f35bf/securefilenames_index_520f35bf_20250319_182510.csv
2025-03-19 18:25:10,998-DEBUG-[BUN]: [CB]....bundle_config: {'timestamp': '20250319_182510', 'case_details': ['Bundle A: Proceedos', 'IP-2020-20202020', 'Smith v Jones'], 'csv_string': None, 'confidential_bool': False, 'zip_bool': True, 'session_id': '520f35bf', 'user_agent': 'Mozilla/5.0 (Windows NT 10.0; Win64; x64; rv:126.0) Gecko/20100101 Firefox/126.1', 'page_num_align': 'right', 'index_font': 'sans', 'footer_font': 'sans', 'page_num_style': 'page_x', 'footer_prefix': '', 'date_setting': 'uk_abbreviated_date', 'roman_for_preface': False, 'expected_length_of_frontmatter': 0, 'main_page_count': 0, 'total_number_of_pages': 0, 'temp_dir': 'tempfiles/520f35bf', 'logs_dir': 'logs', 'bookmark_setting': 'tab-title'}
2025-03-19 18:25:10,998-DEBUG-[BUN]: [CB]Calling load_index_data [LI] with index_file: tempfiles/520f35bf/securefilenames_index_520f35bf_20250319_182510.csv
2025-03-19 18:25:10,998-DEBUG-[BUN]: [LID]Loading index data from tempfiles/520f35bf/securefilenames_index_520f35bf_20250319_182510.csv
2025-03-19 18:25:10,999-ERROR-[BUN]: [PTD] Error: Date does not match expected format: 
2025-03-19 18:25:11,001-DEBUG-[BUN]: [LID]..Loaded index data with 19 entries:
2025-03-19 18:25:11,001-DEBUG-[BUN]: [LID]....Key: |SECTION_BREAK_1| -> Value: ('asdfasdf', '', '1')
2025-03-19 18:25:11,001-DEBUG-[BUN]: [LID]....Key: |Malvina_Reynolds_-_Magic_Penny_-_1_feb_2023.pdf| -> Value: ('Malvina Reynolds - Magic Penny - 1 feb 2023', '01 Feb 2023', '0')
2025-03-19 18:25:11,001-DEBUG-[BUN]: [LID]....Key: |Jeff_Buckley_-_Hallelujah.pdf| -> Value: ('Jeff Buckley - Hallelujah', '10 Feb 2025', '0')
2025-03-19 18:25:11,001-DEBUG-[BUN]: [LID]....Key: |99_Red_Balloons.pdf| -> Value: ('99 Red Balloons', '11 Feb 2025', '0')
2025-03-19 18:25:11,001-DEBUG-[BUN]: [LID]....Key: |99_red_balloons_larger.pdf| -> Value: ('99 red balloons larger', '11 Feb 2025', '0')
2025-03-19 18:25:11,001-DEBUG-[BUN]: [LID]....Key: |The_Longest_Johns_-_Wellerman.pdf| -> Value: ('The Longest Johns - Wellerman', '15 Feb 2025', '0')
2025-03-19 18:25:11,001-DEBUG-[BUN]: [LID]....Key: |Nathan_Evans_-_Wellerman.pdf| -> Value: ('Nathan Evans - Wellerman', '15 Feb 2025', '0')
2025-03-19 18:25:11,001-DEBUG-[BUN]: [LID]....Key: |AlicebanD_-_True_Blood.pdf| -> Value: ('AlicebanD - True Blood', '15 Feb 2025', '0')
2025-03-19 18:25:11,001-DEBUG-[BUN]: [LID]....Key: |Gary_Jules_-_Mad_World.pdf| -> Value: ('Gary Jules - Mad World', '17 Feb 2025', '0')
2025-03-19 18:25:11,001-DEBUG-[BUN]: [LID]....Key: |Misc_Traditional_-_Wellerman.pdf| -> Value: ('Misc Traditional - Wellerman', '17 Feb 2025', '0')
2025-03-19 18:25:11,001-DEBUG-[BUN]: [LID]....Key: |Parker_Millsap_-_Old_Time_Religion.pdf| -> Value: ('Parker Millsap - Old Time Religion', '17 Feb 2025', '0')
2025-03-19 18:25:11,001-DEBUG-[BUN]: [LID]....Key: |Buddy_Holly_-_Everyday.pdf| -> Value: ('Buddy Holly - Everyday', '17 Feb 2025', '0')
2025-03-19 18:25:11,001-DEBUG-[BUN]: [LID]....Key: |Smash_Mouth_-_All_Star.pdf| -> Value: ('Smash Mouth - All Star', '20 Feb 2025', '0')
2025-03-19 18:25:11,001-DEBUG-[BUN]: [LID]....Key: |Creedence_Clearwater_Revival_-_Bad_Moon_Rising.pdf| -> Value: ('Creedence Clearwater Revival - Bad Moon Rising', '01 Mar 2025', '0')
2025-03-19 18:25:11,001-DEBUG-[BUN]: [LID]....Key: |Kenny_Rogers_-_The_Gambler.pdf| -> Value: ('Kenny Rogers - The Gambler', '01 Mar 2025', '0')
2025-03-19 18:25:11,001-DEBUG-[BUN]: [LID]....Key: |Annie_Lennox_-_Into_The_West.pdf| -> Value: ('Annie Lennox - Into The West', '01 Mar 2025', '0')
2025-03-19 18:25:11,001-DEBUG-[BUN]: [LID]....Key: |Johnny_Cash_-_Folsom_Prison_Blues.pdf| -> Value: ('Johnny Cash - Folsom Prison Blues', '01 Mar 2025', '0')
2025-03-19 18:25:11,001-DEBUG-[BUN]: [LID]....Key: |Misc_Cartoons_-_Lava_-_Lava.pdf| -> Value: ('Misc Cartoons - Lava - Lava', '08 Mar 2025', '0')
2025-03-19 18:25:11,001-DEBUG-[BUN]: [LID]....Key: |craig_wright_is_not_satoshi.pdf| -> Value: ('craig wright is not satoshi', '15 Mar 2025', '0')
2025-03-19 18:25:11,001-DEBUG-[BUN]: [CB]Calling merge_pdfs_create_toc_entries [MP] with arguments:
2025-03-19 18:25:11,001-DEBUG-[BUN]: [CB]....input_files: ['tempfiles/520f35bf/Malvina_Reynolds_-_Magic_Penny_-_1_feb_2023.pdf', 'tempfiles/520f35bf/Jeff_Buckley_-_Hallelujah.pdf', 'tempfiles/520f35bf/99_Red_Balloons.pdf', 'tempfiles/520f35bf/99_red_balloons_larger.pdf', 'tempfiles/520f35bf/The_Longest_Johns_-_Wellerman.pdf', 'tempfiles/520f35bf/Nathan_Evans_-_Wellerman.pdf', 'tempfiles/520f35bf/AlicebanD_-_True_Blood.pdf', 'tempfiles/520f35bf/Gary_Jules_-_Mad_World.pdf', 'tempfiles/520f35bf/Misc_Traditional_-_Wellerman.pdf', 'tempfiles/520f35bf/Parker_Millsap_-_Old_Time_Religion.pdf', 'tempfiles/520f35bf/Buddy_Holly_-_Everyday.pdf', 'tempfiles/520f35bf/Smash_Mouth_-_All_Star.pdf', 'tempfiles/520f35bf/Creedence_Clearwater_Revival_-_Bad_Moon_Rising.pdf', 'tempfiles/520f35bf/Kenny_Rogers_-_The_Gambler.pdf', 'tempfiles/520f35bf/Annie_Lennox_-_Into_The_West.pdf', 'tempfiles/520f35bf/Johnny_Cash_-_Folsom_Prison_Blues.pdf', 'tempfiles/520f35bf/Misc_Cartoons_-_Lava_-_Lava.pdf', 'tempfiles/520f35bf/craig_wright_is_not_satoshi.pdf']
2025-03-19 18:25:11,002-DEBUG-[BUN]: [CB]....merged_file: tempfiles/520f35bf/TEMP01_mainpages.pdf
2025-03-19 18:25:11,002-DEBUG-[BUN]: [CB]....index_data: {'SECTION_BREAK_1': ('asdfasdf', '', '1'), 'Malvina_Reynolds_-_Magic_Penny_-_1_feb_2023.pdf': ('Malvina Reynolds - Magic Penny - 1 feb 2023', '01 Feb 2023', '0'), 'Jeff_Buckley_-_Hallelujah.pdf': ('Jeff Buckley - Hallelujah', '10 Feb 2025', '0'), '99_Red_Balloons.pdf': ('99 Red Balloons', '11 Feb 2025', '0'), '99_red_balloons_larger.pdf': ('99 red balloons larger', '11 Feb 2025', '0'), 'The_Longest_Johns_-_Wellerman.pdf': ('The Longest Johns - Wellerman', '15 Feb 2025', '0'), 'Nathan_Evans_-_Wellerman.pdf': ('Nathan Evans - Wellerman', '15 Feb 2025', '0'), 'AlicebanD_-_True_Blood.pdf': ('AlicebanD - True Blood', '15 Feb 2025', '0'), 'Gary_Jules_-_Mad_World.pdf': ('Gary Jules - Mad World', '17 Feb 2025', '0'), 'Misc_Traditional_-_Wellerman.pdf': ('Misc Traditional - Wellerman', '17 Feb 2025', '0'), 'Parker_Millsap_-_Old_Time_Religion.pdf': ('Parker Millsap - Old Time Religion', '17 Feb 2025', '0'), 'Buddy_Holly_-_Everyday.pdf': ('Buddy Holly - Everyday', '17 Feb 2025', '0'), 'Smash_Mouth_-_All_Star.pdf': ('Smash Mouth - All Star', '20 Feb 2025', '0'), 'Creedence_Clearwater_Revival_-_Bad_Moon_Rising.pdf': ('Creedence Clearwater Revival - Bad Moon Rising', '01 Mar 2025', '0'), 'Kenny_Rogers_-_The_Gambler.pdf': ('Kenny Rogers - The Gambler', '01 Mar 2025', '0'), 'Annie_Lennox_-_Into_The_West.pdf': ('Annie Lennox - Into The West', '01 Mar 2025', '0'), 'Johnny_Cash_-_Folsom_Prison_Blues.pdf': ('Johnny Cash - Folsom Prison Blues', '01 Mar 2025', '0'), 'Misc_Cartoons_-_Lava_-_Lava.pdf': ('Misc Cartoons - Lava - Lava', '08 Mar 2025', '0'), 'craig_wright_is_not_satoshi.pdf': ('craig wright is not satoshi', '15 Mar 2025', '0')}
2025-03-19 18:25:11,002-DEBUG-[BUN]: [MPCTE]..File Malvina_Reynolds_-_Magic_Penny_-_1_feb_2023.pdf found at tempfiles/520f35bf/Malvina_Reynolds_-_Magic_Penny_-_1_feb_2023.pdf
2025-03-19 18:25:11,008-DEBUG-[BUN]: [MPCTE]....added to merged PDF
2025-03-19 18:25:11,008-DEBUG-[BUN]: [MPCTE]..found index data
2025-03-19 18:25:11,008-DEBUG-[BUN]: [MPCTE]..Adding toc entry: 001., Malvina Reynolds - Magic Penny - 1 feb 2023, 0
2025-03-19 18:25:11,008-DEBUG-[BUN]: [MPCTE]..File Jeff_Buckley_-_Hallelujah.pdf found at tempfiles/520f35bf/Jeff_Buckley_-_Hallelujah.pdf
2025-03-19 18:25:11,015-DEBUG-[BUN]: [MPCTE]....added to merged PDF
2025-03-19 18:25:11,015-DEBUG-[BUN]: [MPCTE]..found index data
2025-03-19 18:25:11,015-DEBUG-[BUN]: [MPCTE]..Adding toc entry: 002., Jeff Buckley - Hallelujah, 2
2025-03-19 18:25:11,015-DEBUG-[BUN]: [MPCTE]..File 99_Red_Balloons.pdf found at tempfiles/520f35bf/99_Red_Balloons.pdf
2025-03-19 18:25:11,022-DEBUG-[BUN]: [MPCTE]....added to merged PDF
2025-03-19 18:25:11,022-DEBUG-[BUN]: [MPCTE]..found index data
2025-03-19 18:25:11,022-DEBUG-[BUN]: [MPCTE]..Adding toc entry: 003., 99 Red Balloons, 5
2025-03-19 18:25:11,022-DEBUG-[BUN]: [MPCTE]..File 99_red_balloons_larger.pdf found at tempfiles/520f35bf/99_red_balloons_larger.pdf
2025-03-19 18:25:11,029-DEBUG-[BUN]: [MPCTE]....added to merged PDF
2025-03-19 18:25:11,034-DEBUG-[BUN]: [MPCTE]..found index data
2025-03-19 18:25:11,034-DEBUG-[BUN]: [MPCTE]..Adding toc entry: 004., 99 red balloons larger, 7
2025-03-19 18:25:11,034-DEBUG-[BUN]: [MPCTE]..File The_Longest_Johns_-_Wellerman.pdf found at tempfiles/520f35bf/The_Longest_Johns_-_Wellerman.pdf
2025-03-19 18:25:11,042-DEBUG-[BUN]: [MPCTE]....added to merged PDF
2025-03-19 18:25:11,042-DEBUG-[BUN]: [MPCTE]..found index data
2025-03-19 18:25:11,042-DEBUG-[BUN]: [MPCTE]..Adding toc entry: 005., The Longest Johns - Wellerman, 10
2025-03-19 18:25:11,042-DEBUG-[BUN]: [MPCTE]..File Nathan_Evans_-_Wellerman.pdf found at tempfiles/520f35bf/Nathan_Evans_-_Wellerman.pdf
2025-03-19 18:25:11,050-DEBUG-[BUN]: [MPCTE]....added to merged PDF
2025-03-19 18:25:11,050-DEBUG-[BUN]: [MPCTE]..found index data
2025-03-19 18:25:11,050-DEBUG-[BUN]: [MPCTE]..Adding toc entry: 006., Nathan Evans - Wellerman, 14
2025-03-19 18:25:11,050-DEBUG-[BUN]: [MPCTE]..File AlicebanD_-_True_Blood.pdf found at tempfiles/520f35bf/AlicebanD_-_True_Blood.pdf
2025-03-19 18:25:11,058-DEBUG-[BUN]: [MPCTE]....added to merged PDF
2025-03-19 18:25:11,058-DEBUG-[BUN]: [MPCTE]..found index data
2025-03-19 18:25:11,058-DEBUG-[BUN]: [MPCTE]..Adding toc entry: 007., AlicebanD - True Blood, 19
2025-03-19 18:25:11,058-DEBUG-[BUN]: [MPCTE]..File Gary_Jules_-_Mad_World.pdf found at tempfiles/520f35bf/Gary_Jules_-_Mad_World.pdf
2025-03-19 18:25:11,065-DEBUG-[BUN]: [MPCTE]....added to merged PDF
2025-03-19 18:25:11,065-DEBUG-[BUN]: [MPCTE]..found index data
2025-03-19 18:25:11,065-DEBUG-[BUN]: [MPCTE]..Adding toc entry: 008., Gary Jules - Mad World, 22
2025-03-19 18:25:11,065-DEBUG-[BUN]: [MPCTE]..File Misc_Traditional_-_Wellerman.pdf found at tempfiles/520f35bf/Misc_Traditional_-_Wellerman.pdf
2025-03-19 18:25:11,073-DEBUG-[BUN]: [MPCTE]....added to merged PDF
2025-03-19 18:25:11,073-DEBUG-[BUN]: [MPCTE]..found index data
2025-03-19 18:25:11,073-DEBUG-[BUN]: [MPCTE]..Adding toc entry: 009., Misc Traditional - Wellerman, 24
2025-03-19 18:25:11,073-DEBUG-[BUN]: [MPCTE]..File Parker_Millsap_-_Old_Time_Religion.pdf found at tempfiles/520f35bf/Parker_Millsap_-_Old_Time_Religion.pdf
2025-03-19 18:25:11,080-DEBUG-[BUN]: [MPCTE]....added to merged PDF
2025-03-19 18:25:11,080-DEBUG-[BUN]: [MPCTE]..found index data
2025-03-19 18:25:11,080-DEBUG-[BUN]: [MPCTE]..Adding toc entry: 010., Parker Millsap - Old Time Religion, 28
2025-03-19 18:25:11,080-DEBUG-[BUN]: [MPCTE]..File Buddy_Holly_-_Everyday.pdf found at tempfiles/520f35bf/Buddy_Holly_-_Everyday.pdf
2025-03-19 18:25:11,087-DEBUG-[BUN]: [MPCTE]....added to merged PDF
2025-03-19 18:25:11,088-DEBUG-[BUN]: [MPCTE]..found index data
2025-03-19 18:25:11,088-DEBUG-[BUN]: [MPCTE]..Adding toc entry: 011., Buddy Holly - Everyday, 31
2025-03-19 18:25:11,088-DEBUG-[BUN]: [MPCTE]..File Smash_Mouth_-_All_Star.pdf found at tempfiles/520f35bf/Smash_Mouth_-_All_Star.pdf
2025-03-19 18:25:11,092-DEBUG-[BUN]: [MPCTE]....added to merged PDF
2025-03-19 18:25:11,092-DEBUG-[BUN]: [MPCTE]..found index data
2025-03-19 18:25:11,093-DEBUG-[BUN]: [MPCTE]..Adding toc entry: 012., Smash Mouth - All Star, 34
2025-03-19 18:25:11,093-DEBUG-[BUN]: [MPCTE]..File Creedence_Clearwater_Revival_-_Bad_Moon_Rising.pdf found at tempfiles/520f35bf/Creedence_Clearwater_Revival_-_Bad_Moon_Rising.pdf
2025-03-19 18:25:11,100-DEBUG-[BUN]: [MPCTE]....added to merged PDF
2025-03-19 18:25:11,100-DEBUG-[BUN]: [MPCTE]..found index data
2025-03-19 18:25:11,100-DEBUG-[BUN]: [MPCTE]..Adding toc entry: 013., Creedence Clearwater Revival - Bad Moon Rising, 36
2025-03-19 18:25:11,100-DEBUG-[BUN]: [MPCTE]..File Kenny_Rogers_-_The_Gambler.pdf found at tempfiles/520f35bf/Kenny_Rogers_-_The_Gambler.pdf
2025-03-19 18:25:11,107-DEBUG-[BUN]: [MPCTE]....added to merged PDF
2025-03-19 18:25:11,107-DEBUG-[BUN]: [MPCTE]..found index data
2025-03-19 18:25:11,107-DEBUG-[BUN]: [MPCTE]..Adding toc entry: 014., Kenny Rogers - The Gambler, 38
2025-03-19 18:25:11,107-DEBUG-[BUN]: [MPCTE]..File Annie_Lennox_-_Into_The_West.pdf found at tempfiles/520f35bf/Annie_Lennox_-_Into_The_West.pdf
2025-03-19 18:25:11,114-DEBUG-[BUN]: [MPCTE]....added to merged PDF
2025-03-19 18:25:11,114-DEBUG-[BUN]: [MPCTE]..found index data
2025-03-19 18:25:11,114-DEBUG-[BUN]: [MPCTE]..Adding toc entry: 015., Annie Lennox - Into The West, 41
2025-03-19 18:25:11,114-DEBUG-[BUN]: [MPCTE]..File Johnny_Cash_-_Folsom_Prison_Blues.pdf found at tempfiles/520f35bf/Johnny_Cash_-_Folsom_Prison_Blues.pdf
2025-03-19 18:25:11,122-DEBUG-[BUN]: [MPCTE]....added to merged PDF
2025-03-19 18:25:11,122-DEBUG-[BUN]: [MPCTE]..found index data
2025-03-19 18:25:11,123-DEBUG-[BUN]: [MPCTE]..Adding toc entry: 016., Johnny Cash - Folsom Prison Blues, 43
2025-03-19 18:25:11,123-DEBUG-[BUN]: [MPCTE]..File Misc_Cartoons_-_Lava_-_Lava.pdf found at tempfiles/520f35bf/Misc_Cartoons_-_Lava_-_Lava.pdf
2025-03-19 18:25:11,131-DEBUG-[BUN]: [MPCTE]....added to merged PDF
2025-03-19 18:25:11,131-DEBUG-[BUN]: [MPCTE]..found index data
2025-03-19 18:25:11,131-DEBUG-[BUN]: [MPCTE]..Adding toc entry: 017., Misc Cartoons - Lava - Lava, 46
2025-03-19 18:25:11,131-DEBUG-[BUN]: [MPCTE]..File craig_wright_is_not_satoshi.pdf found at tempfiles/520f35bf/craig_wright_is_not_satoshi.pdf
2025-03-19 18:25:11,133-DEBUG-[BUN]: [MPCTE]....added to merged PDF
2025-03-19 18:25:11,133-DEBUG-[BUN]: [MPCTE]..found index data
2025-03-19 18:25:11,133-DEBUG-[BUN]: [MPCTE]..Adding toc entry: 018., craig wright is not satoshi, 49
2025-03-19 18:25:11,186-INFO-[BUN]: [CB]Merged PDF created at tempfiles/520f35bf/TEMP01_mainpages.pdf
2025-03-19 18:25:11,189-INFO-[BUN]: =============================================================================
2025-03-19 18:25:11,189-INFO-[BUN]: BUNTOOL -- BEGIN RECORD OF USER SETTINGS
2025-03-19 18:25:11,189-INFO-[BUN]: Time of use: 20250319_182510
2025-03-19 18:25:11,189-INFO-[BUN]: STEP ONE:
2025-03-19 18:25:11,189-INFO-[BUN]: ..Bundle Title: IP-2020-20202020
2025-03-19 18:25:11,189-INFO-[BUN]: ..Case Name: Bundle A: Proceedos
2025-03-19 18:25:11,189-INFO-[BUN]: ..Claim Number: Smith v Jones
2025-03-19 18:25:11,189-INFO-[BUN]: STEP TWO:
2025-03-19 18:25:11,189-INFO-[BUN]: ..File 1: Filename "tempfiles/520f35bf/Malvina_Reynolds_-_Magic_Penny_-_1_feb_2023.pdf"
2025-03-19 18:25:11,189-INFO-[BUN]: .... had index data: False
2025-03-19 18:25:11,190-INFO-[BUN]: .... had 2 page(s).
2025-03-19 18:25:11,191-INFO-[BUN]: ..File 2: Filename "tempfiles/520f35bf/Jeff_Buckley_-_Hallelujah.pdf"
2025-03-19 18:25:11,191-INFO-[BUN]: .... had index data: False
2025-03-19 18:25:11,192-INFO-[BUN]: .... had 3 page(s).
2025-03-19 18:25:11,192-INFO-[BUN]: ..File 3: Filename "tempfiles/520f35bf/99_Red_Balloons.pdf"
2025-03-19 18:25:11,192-INFO-[BUN]: .... had index data: False
2025-03-19 18:25:11,192-INFO-[BUN]: .... had 2 page(s).
2025-03-19 18:25:11,192-INFO-[BUN]: ..File 4: Filename "tempfiles/520f35bf/99_red_balloons_larger.pdf"
2025-03-19 18:25:11,192-INFO-[BUN]: .... had index data: False
2025-03-19 18:25:11,193-INFO-[BUN]: .... had 3 page(s).
2025-03-19 18:25:11,193-INFO-[BUN]: ..File 5: Filename "tempfiles/520f35bf/The_Longest_Johns_-_Wellerman.pdf"
2025-03-19 18:25:11,193-INFO-[BUN]: .... had index data: False
2025-03-19 18:25:11,194-INFO-[BUN]: .... had 4 page(s).
2025-03-19 18:25:11,194-INFO-[BUN]: ..File 6: Filename "tempfiles/520f35bf/Nathan_Evans_-_Wellerman.pdf"
2025-03-19 18:25:11,194-INFO-[BUN]: .... had index data: False
2025-03-19 18:25:11,195-INFO-[BUN]: .... had 5 page(s).
2025-03-19 18:25:11,195-INFO-[BUN]: ..File 7: Filename "tempfiles/520f35bf/AlicebanD_-_True_Blood.pdf"
2025-03-19 18:25:11,195-INFO-[BUN]: .... had index data: False
2025-03-19 18:25:11,196-INFO-[BUN]: .... had 3 page(s).
2025-03-19 18:25:11,196-INFO-[BUN]: ..File 8: Filename "tempfiles/520f35bf/Gary_Jules_-_Mad_World.pdf"
2025-03-19 18:25:11,196-INFO-[BUN]: .... had index data: False
2025-03-19 18:25:11,197-INFO-[BUN]: .... had 2 page(s).
2025-03-19 18:25:11,197-INFO-[BUN]: ..File 9: Filename "tempfiles/520f35bf/Misc_Traditional_-_Wellerman.pdf"
2025-03-19 18:25:11,197-INFO-[BUN]: .... had index data: False
2025-03-19 18:25:11,198-INFO-[BUN]: .... had 4 page(s).
2025-03-19 18:25:11,198-INFO-[BUN]: ..File 10: Filename "tempfiles/520f35bf/Parker_Millsap_-_Old_Time_Religion.pdf"
2025-03-19 18:25:11,198-INFO-[BUN]: .... had index data: False
2025-03-19 18:25:11,199-INFO-[BUN]: .... had 3 page(s).
2025-03-19 18:25:11,199-INFO-[BUN]: ..File 11: Filename "tempfiles/520f35bf/Buddy_Holly_-_Everyday.pdf"
2025-03-19 18:25:11,199-INFO-[BUN]: .... had index data: False
2025-03-19 18:25:11,200-INFO-[BUN]: .... had 3 page(s).
2025-03-19 18:25:11,200-INFO-[BUN]: ..File 12: Filename "tempfiles/520f35bf/Smash_Mouth_-_All_Star.pdf"
2025-03-19 18:25:11,200-INFO-[BUN]: .... had index data: False
2025-03-19 18:25:11,201-INFO-[BUN]: .... had 2 page(s).
2025-03-19 18:25:11,201-INFO-[BUN]: ..File 13: Filename "tempfiles/520f35bf/Creedence_Clearwater_Revival_-_Bad_Moon_Rising.pdf"
2025-03-19 18:25:11,201-INFO-[BUN]: .... had index data: False
2025-03-19 18:25:11,202-INFO-[BUN]: .... had 2 page(s).
2025-03-19 18:25:11,202-INFO-[BUN]: ..File 14: Filename "tempfiles/520f35bf/Kenny_Rogers_-_The_Gambler.pdf"
2025-03-19 18:25:11,202-INFO-[BUN]: .... had index data: False
2025-03-19 18:25:11,203-INFO-[BUN]: .... had 3 page(s).
2025-03-19 18:25:11,203-INFO-[BUN]: ..File 15: Filename "tempfiles/520f35bf/Annie_Lennox_-_Into_The_West.pdf"
2025-03-19 18:25:11,203-INFO-[BUN]: .... had index data: False
2025-03-19 18:25:11,203-INFO-[BUN]: .... had 2 page(s).
2025-03-19 18:25:11,204-INFO-[BUN]: ..File 16: Filename "tempfiles/520f35bf/Johnny_Cash_-_Folsom_Prison_Blues.pdf"
2025-03-19 18:25:11,204-INFO-[BUN]: .... had index data: False
2025-03-19 18:25:11,204-INFO-[BUN]: .... had 3 page(s).
2025-03-19 18:25:11,204-INFO-[BUN]: ..File 17: Filename "tempfiles/520f35bf/Misc_Cartoons_-_Lava_-_Lava.pdf"
2025-03-19 18:25:11,205-INFO-[BUN]: .... had index data: False
2025-03-19 18:25:11,205-INFO-[BUN]: .... had 3 page(s).
2025-03-19 18:25:11,206-INFO-[BUN]: ..File 18: Filename "tempfiles/520f35bf/craig_wright_is_not_satoshi.pdf"
2025-03-19 18:25:11,206-INFO-[BUN]: .... had index data: False
2025-03-19 18:25:11,206-INFO-[BUN]: .... had 1 page(s).
2025-03-19 18:25:11,207-INFO-[BUN]: STEP THREE:
2025-03-19 18:25:11,207-INFO-[BUN]: ..Index Options:
2025-03-19 18:25:11,207-INFO-[BUN]: ....Index font: sans
2025-03-19 18:25:11,207-INFO-[BUN]: ....No coversheet provided.
2025-03-19 18:25:11,207-INFO-[BUN]: ....Date column: uk_abbreviated_date
2025-03-19 18:25:11,207-INFO-[BUN]: ....Confidentiality: False
2025-03-19 18:25:11,207-INFO-[BUN]: ..Page Numbering Options:
2025-03-19 18:25:11,207-INFO-[BUN]: ....Footer font: sans
2025-03-19 18:25:11,207-INFO-[BUN]: ....Preface numbering: False
2025-03-19 18:25:11,207-INFO-[BUN]: ....Page number alignment: right
2025-03-19 18:25:11,207-INFO-[BUN]: ....Page numbering style: page_x
2025-03-19 18:25:11,207-INFO-[BUN]: ....No footer prefix
2025-03-19 18:25:11,207-INFO-[BUN]: END RECORD OF USER SETTINGS
2025-03-19 18:25:11,207-INFO-[BUN]: =================================================================================
2025-03-19 18:25:11,222-DEBUG-[BUN]: [CB]Creating dummy TOC PDF to find length of frontmatter
2025-03-19 18:25:11,267-INFO-[BUN]: [CB]dummy TOC PDF created at tempfiles/520f35bf/TEMP02_dummy_toc.pdf
2025-03-19 18:25:11,268-DEBUG-[BUN]: [CB]Expected length of frontmatter: 1
2025-03-19 18:25:11,268-DEBUG-[BUN]: [CB]Calling pdf_paginator_reportlab [PPRL] with arguments:
2025-03-19 18:25:11,268-DEBUG-[BUN]: [CB]....merged_file: tempfiles/520f35bf/TEMP01_mainpages.pdf
2025-03-19 18:25:11,268-DEBUG-[BUN]: [CB]....merged_paginated_no_toc: tempfiles/520f35bf/TEMP03_paginated_mainpages.pdf
2025-03-19 18:25:11,268-DEBUG-[BUN]: [CB]....page_num_alignment: right
2025-03-19 18:25:11,268-DEBUG-[BUN]: [CB]....page_num_font: sans
2025-03-19 18:25:11,268-DEBUG-[BUN]: [CB]....page_numbering_style: page_x
2025-03-19 18:25:11,268-DEBUG-[BUN]: [CB]....footer_prefix: 
2025-03-19 18:25:11,268-DEBUG-[BUN]: [PPRL]Paginate PDF function beginning (ReporLab version)
2025-03-19 18:25:11,273-DEBUG-[BUN]: [PPRL]..Main PDF opened with 50 pages
2025-03-19 18:25:11,273-DEBUG-[BUN]: [GFP]Generating 50 blank pages in tempfiles/520f35bf/pageNumbers.pdf
2025-03-19 18:25:11,464-DEBUG-[BUN]: [PPRL]Page numbers overlaid on main PDF
2025-03-19 18:25:11,464-INFO-[BUN]: [CB]..Merged PDF paginated at tempfiles/520f35bf/TEMP03_paginated_mainpages.pdf
2025-03-19 18:25:11,464-DEBUG-[BUN]: [CB]Calling create_toc_pdf_reportlab [CT] - final version -  with arguments:
2025-03-19 18:25:11,464-DEBUG-[BUN]: [CB]....toc_entries: [['Tab', 'Title', 'Date', 'Page'], ('SECTION_BREAK_1', 'asdfasdf'), ('001.', 'Malvina Reynolds - Magic Penny - 1 feb 2023', '01 Feb 2023', 0), ('002.', 'Jeff Buckley - Hallelujah', '10 Feb 2025', 2), ('003.', '99 Red Balloons', '11 Feb 2025', 5), ('004.', '99 red balloons larger', '11 Feb 2025', 7), ('005.', 'The Longest Johns - Wellerman', '15 Feb 2025', 10), ('006.', 'Nathan Evans - Wellerman', '15 Feb 2025', 14), ('007.', 'AlicebanD - True Blood', '15 Feb 2025', 19), ('008.', 'Gary Jules - Mad World', '17 Feb 2025', 22), ('009.', 'Misc Traditional - Wellerman', '17 Feb 2025', 24), ('010.', 'Parker Millsap - Old Time Religion', '17 Feb 2025', 28), ('011.', 'Buddy Holly - Everyday', '17 Feb 2025', 31), ('012.', 'Smash Mouth - All Star', '20 Feb 2025', 34), ('013.', 'Creedence Clearwater Revival - Bad Moon Rising', '01 Mar 2025', 36), ('014.', 'Kenny Rogers - The Gambler', '01 Mar 2025', 38), ('015.', 'Annie Lennox - Into The West', '01 Mar 2025', 41), ('016.', 'Johnny Cash - Folsom Prison Blues', '01 Mar 2025', 43), ('017.', 'Misc Cartoons - Lava - Lava', '08 Mar 2025', 46), ('018.', 'craig wright is not satoshi', '15 Mar 2025', 49)]
2025-03-19 18:25:11,464-DEBUG-[BUN]: [CB]....casedetails: ['Bundle A: Proceedos', 'IP-2020-20202020', 'Smith v Jones']
2025-03-19 18:25:11,464-DEBUG-[BUN]: [CB]....toc_file_path: tempfiles/520f35bf/index.pdf
2025-03-19 18:25:11,464-DEBUG-[BUN]: [CB]....confidential: False
2025-03-19 18:25:11,464-DEBUG-[BUN]: [CB]....date_setting: uk_abbreviated_date
2025-03-19 18:25:11,464-DEBUG-[BUN]: [CB]....index_font: sans
2025-03-19 18:25:11,465-DEBUG-[BUN]: [CB]....dummy: False
2025-03-19 18:25:11,465-DEBUG-[BUN]: [CB]....length_of_frontmatter: 1
2025-03-19 18:25:11,475-INFO-[BUN]: [CB]..TOC PDF created at index.pdf
2025-03-19 18:25:11,498-INFO-[BUN]: [CB]No coversheet specified. TOC is the only frontmatter.
2025-03-19 18:25:11,498-DEBUG-[BUN]: [CB]Frontmatter length is 1 pages.
2025-03-19 18:25:11,498-INFO-[BUN]: [CB]..Frontmatter length matches expected 1 pages.
2025-03-19 18:25:11,557-INFO-[BUN]: [CB]..Frontmatter merged with main docs at tempfiles/520f35bf/TEMP04_all_pages.pdf
2025-03-19 18:25:11,558-DEBUG-[BUN]: [[CB]Beginning hyperlinking process
2025-03-19 18:25:11,558-DEBUG-[BUN]: [CB]..Calling add_hyperlinks [AH] with arguments:
2025-03-19 18:25:11,558-DEBUG-[BUN]: [CB]......merged_file_with_frontmatter: tempfiles/520f35bf/TEMP04_all_pages.pdf
2025-03-19 18:25:11,558-DEBUG-[BUN]: [CB]......hyperlinked_file: tempfiles/520f35bf/TEMP05-hyperlinked.pdf
2025-03-19 18:25:11,558-DEBUG-[BUN]: [CB]......length_of_coversheet: 0
2025-03-19 18:25:11,558-DEBUG-[BUN]: [CB]......length_of_frontmatter: 1
2025-03-19 18:25:11,558-DEBUG-[BUN]: [CB]......toc_entries: [['Tab', 'Title', 'Date', 'Page'], ('SECTION_BREAK_1', 'asdfasdf'), ('001.', 'Malvina Reynolds - Magic Penny - 1 feb 2023', '01 Feb 2023', 0), ('002.', 'Jeff Buckley - Hallelujah', '10 Feb 2025', 2), ('003.', '99 Red Balloons', '11 Feb 2025', 5), ('004.', '99 red balloons larger', '11 Feb 2025', 7), ('005.', 'The Longest Johns - Wellerman', '15 Feb 2025', 10), ('006.', 'Nathan Evans - Wellerman', '15 Feb 2025', 14), ('007.', 'AlicebanD - True Blood', '15 Feb 2025', 19), ('008.', 'Gary Jules - Mad World', '17 Feb 2025', 22), ('009.', 'Misc Traditional - Wellerman', '17 Feb 2025', 24), ('010.', 'Parker Millsap - Old Time Religion', '17 Feb 2025', 28), ('011.', 'Buddy Holly - Everyday', '17 Feb 2025', 31), ('012.', 'Smash Mouth - All Star', '20 Feb 2025', 34), ('013.', 'Creedence Clearwater Revival - Bad Moon Rising', '01 Mar 2025', 36), ('014.', 'Kenny Rogers - The Gambler', '01 Mar 2025', 38), ('015.', 'Annie Lennox - Into The West', '01 Mar 2025', 41), ('016.', 'Johnny Cash - Folsom Prison Blues', '01 Mar 2025', 43), ('017.', 'Misc Cartoons - Lava - Lava', '08 Mar 2025', 46), ('018.', 'craig wright is not satoshi', '15 Mar 2025', 49)]
2025-03-19 18:25:11,558-DEBUG-[BUN]: [CB]......date_setting: uk_abbreviated_date
2025-03-19 18:25:11,558-DEBUG-[BUN]: [CB]......roman_for_preface: False
2025-03-19 18:25:11,558-DEBUG-[BUN]: [HYP]Starting hyperlink addition
2025-03-19 18:25:11,571-DEBUG-[BUN]: [HYP]..Processing page 0 for TOC text extraction
2025-03-19 18:25:11,593-DEBUG-[BUN]: [HYP]..Processing TOC entry: ['Tab', 'Title', 'Date', 'Page']
2025-03-19 18:25:11,594-DEBUG-[BUN]: [HYP]..Processing TOC entry: ('SECTION_BREAK_1', 'asdfasdf')
2025-03-19 18:25:11,594-DEBUG-[BUN]: [HYP]..Processing TOC entry: ('001.', 'Malvina Reynolds - Magic Penny - 1 feb 2023', '01 Feb 2023', 0)
2025-03-19 18:25:11,594-DEBUG-[BUN]: [HYP]....Using search-key regex: '001\.MalvinaReynolds\-MagicPenn.*?01Feb20232' on TOC pages
2025-03-19 18:25:11,594-DEBUG-[BUN]: [HYP]....found on page 0
2025-03-19 18:25:11,594-DEBUG-[BUN]: [HYP]..Processing TOC entry: ('002.', 'Jeff Buckley - Hallelujah', '10 Feb 2025', 2)
2025-03-19 18:25:11,594-DEBUG-[BUN]: [HYP]....Using search-key regex: '002\.JeffBuckley\-Hallelujah.*?10Feb20254' on TOC pages
2025-03-19 18:25:11,594-DEBUG-[BUN]: [HYP]....found on page 0
2025-03-19 18:25:11,594-DEBUG-[BUN]: [HYP]..Processing TOC entry: ('003.', '99 Red Balloons', '11 Feb 2025', 5)
2025-03-19 18:25:11,594-DEBUG-[BUN]: [HYP]....Using search-key regex: '003\.99RedBalloons.*?11Feb20257' on TOC pages
2025-03-19 18:25:11,594-DEBUG-[BUN]: [HYP]....found on page 0
2025-03-19 18:25:11,594-DEBUG-[BUN]: [HYP]..Processing TOC entry: ('004.', '99 red balloons larger', '11 Feb 2025', 7)
2025-03-19 18:25:11,594-DEBUG-[BUN]: [HYP]....Using search-key regex: '004\.99redballoonslarger.*?11Feb20259' on TOC pages
2025-03-19 18:25:11,594-DEBUG-[BUN]: [HYP]....found on page 0
2025-03-19 18:25:11,594-DEBUG-[BUN]: [HYP]..Processing TOC entry: ('005.', 'The Longest Johns - Wellerman', '15 Feb 2025', 10)
2025-03-19 18:25:11,594-DEBUG-[BUN]: [HYP]....Using search-key regex: '005\.TheLongestJohns\-Wellerman.*?15Feb202512' on TOC pages
2025-03-19 18:25:11,594-DEBUG-[BUN]: [HYP]....found on page 0
2025-03-19 18:25:11,594-DEBUG-[BUN]: [HYP]..Processing TOC entry: ('006.', 'Nathan Evans - Wellerman', '15 Feb 2025', 14)
2025-03-19 18:25:11,594-DEBUG-[BUN]: [HYP]....Using search-key regex: '006\.NathanEvans\-Wellerman.*?15Feb202516' on TOC pages
2025-03-19 18:25:11,594-DEBUG-[BUN]: [HYP]....found on page 0
2025-03-19 18:25:11,594-DEBUG-[BUN]: [HYP]..Processing TOC entry: ('007.', 'AlicebanD - True Blood', '15 Feb 2025', 19)
2025-03-19 18:25:11,594-DEBUG-[BUN]: [HYP]....Using search-key regex: '007\.AlicebanD\-TrueBlood.*?15Feb202521' on TOC pages
2025-03-19 18:25:11,594-DEBUG-[BUN]: [HYP]....found on page 0
2025-03-19 18:25:11,594-DEBUG-[BUN]: [HYP]..Processing TOC entry: ('008.', 'Gary Jules - Mad World', '17 Feb 2025', 22)
2025-03-19 18:25:11,594-DEBUG-[BUN]: [HYP]....Using search-key regex: '008\.GaryJules\-MadWorld.*?17Feb202524' on TOC pages
2025-03-19 18:25:11,594-DEBUG-[BUN]: [HYP]....found on page 0
2025-03-19 18:25:11,594-DEBUG-[BUN]: [HYP]..Processing TOC entry: ('009.', 'Misc Traditional - Wellerman', '17 Feb 2025', 24)
2025-03-19 18:25:11,594-DEBUG-[BUN]: [HYP]....Using search-key regex: '009\.MiscTraditional\-Wellerman.*?17Feb202526' on TOC pages
2025-03-19 18:25:11,595-DEBUG-[BUN]: [HYP]....found on page 0
2025-03-19 18:25:11,595-DEBUG-[BUN]: [HYP]..Processing TOC entry: ('010.', 'Parker Millsap - Old Time Religion', '17 Feb 2025', 28)
2025-03-19 18:25:11,595-DEBUG-[BUN]: [HYP]....Using search-key regex: '010\.ParkerMillsap\-OldTimeRel.*?17Feb202530' on TOC pages
2025-03-19 18:25:11,595-DEBUG-[BUN]: [HYP]....found on page 0
2025-03-19 18:25:11,595-DEBUG-[BUN]: [HYP]..Processing TOC entry: ('011.', 'Buddy Holly - Everyday', '17 Feb 2025', 31)
2025-03-19 18:25:11,595-DEBUG-[BUN]: [HYP]....Using search-key regex: '011\.BuddyHolly\-Everyday.*?17Feb202533' on TOC pages
2025-03-19 18:25:11,595-DEBUG-[BUN]: [HYP]....found on page 0
2025-03-19 18:25:11,595-DEBUG-[BUN]: [HYP]..Processing TOC entry: ('012.', 'Smash Mouth - All Star', '20 Feb 2025', 34)
2025-03-19 18:25:11,595-DEBUG-[BUN]: [HYP]....Using search-key regex: '012\.SmashMouth\-AllStar.*?20Feb202536' on TOC pages
2025-03-19 18:25:11,595-DEBUG-[BUN]: [HYP]....found on page 0
2025-03-19 18:25:11,595-DEBUG-[BUN]: [HYP]..Processing TOC entry: ('013.', 'Creedence Clearwater Revival - Bad Moon Rising', '01 Mar 2025', 36)
2025-03-19 18:25:11,595-DEBUG-[BUN]: [HYP]....Using search-key regex: '013\.CreedenceClearwaterRevival.*?01Mar202538' on TOC pages
2025-03-19 18:25:11,595-DEBUG-[BUN]: [HYP]....found on page 0
2025-03-19 18:25:11,595-DEBUG-[BUN]: [HYP]..Processing TOC entry: ('014.', 'Kenny Rogers - The Gambler', '01 Mar 2025', 38)
2025-03-19 18:25:11,595-DEBUG-[BUN]: [HYP]....Using search-key regex: '014\.KennyRogers\-TheGambler.*?01Mar202540' on TOC pages
2025-03-19 18:25:11,595-DEBUG-[BUN]: [HYP]....found on page 0
2025-03-19 18:25:11,595-DEBUG-[BUN]: [HYP]..Processing TOC entry: ('015.', 'Annie Lennox - Into The West', '01 Mar 2025', 41)
2025-03-19 18:25:11,595-DEBUG-[BUN]: [HYP]....Using search-key regex: '015\.AnnieLennox\-IntoTheWest.*?01Mar202543' on TOC pages
2025-03-19 18:25:11,595-DEBUG-[BUN]: [HYP]....found on page 0
2025-03-19 18:25:11,595-DEBUG-[BUN]: [HYP]..Processing TOC entry: ('016.', 'Johnny Cash - Folsom Prison Blues', '01 Mar 2025', 43)
2025-03-19 18:25:11,595-DEBUG-[BUN]: [HYP]....Using search-key regex: '016\.JohnnyCash\-FolsomPrisonB.*?01Mar202545' on TOC pages
2025-03-19 18:25:11,595-DEBUG-[BUN]: [HYP]....found on page 0
2025-03-19 18:25:11,595-DEBUG-[BUN]: [HYP]..Processing TOC entry: ('017.', 'Misc Cartoons - Lava - Lava', '08 Mar 2025', 46)
2025-03-19 18:25:11,595-DEBUG-[BUN]: [HYP]....Using search-key regex: '017\.MiscCartoons\-Lava\-Lava.*?08Mar202548' on TOC pages
2025-03-19 18:25:11,595-DEBUG-[BUN]: [HYP]....found on page 0
2025-03-19 18:25:11,595-DEBUG-[BUN]: [HYP]..Processing TOC entry: ('018.', 'craig wright is not satoshi', '15 Mar 2025', 49)
2025-03-19 18:25:11,595-DEBUG-[BUN]: [HYP]....Using search-key regex: '018\.craigwrightisnotsatoshi.*?15Mar202551' on TOC pages
2025-03-19 18:25:11,595-DEBUG-[BUN]: [HYP]....found on page 0
2025-03-19 18:25:11,675-DEBUG-[BUN]: [AAWT]Added annotations on TOC page 0 to destination pg index 1
2025-03-19 18:25:11,676-DEBUG-[BUN]: [AAWT]Added annotations on TOC page 0 to destination pg index 3
2025-03-19 18:25:11,676-DEBUG-[BUN]: [AAWT]Added annotations on TOC page 0 to destination pg index 6
2025-03-19 18:25:11,676-DEBUG-[BUN]: [AAWT]Added annotations on TOC page 0 to destination pg index 8
2025-03-19 18:25:11,676-DEBUG-[BUN]: [AAWT]Added annotations on TOC page 0 to destination pg index 11
2025-03-19 18:25:11,676-DEBUG-[BUN]: [AAWT]Added annotations on TOC page 0 to destination pg index 15
2025-03-19 18:25:11,676-DEBUG-[BUN]: [AAWT]Added annotations on TOC page 0 to destination pg index 20
2025-03-19 18:25:11,676-DEBUG-[BUN]: [AAWT]Added annotations on TOC page 0 to destination pg index 23
2025-03-19 18:25:11,676-DEBUG-[BUN]: [AAWT]Added annotations on TOC page 0 to destination pg index 25
2025-03-19 18:25:11,676-DEBUG-[BUN]: [AAWT]Added annotations on TOC page 0 to destination pg index 29
2025-03-19 18:25:11,676-DEBUG-[BUN]: [AAWT]Added annotations on TOC page 0 to destination pg index 32
2025-03-19 18:25:11,676-DEBUG-[BUN]: [AAWT]Added annotations on TOC page 0 to destination pg index 35
2025-03-19 18:25:11,676-DEBUG-[BUN]: [AAWT]Added annotations on TOC page 0 to destination pg index 37
2025-03-19 18:25:11,676-DEBUG-[BUN]: [AAWT]Added annotations on TOC page 0 to destination pg index 39
2025-03-19 18:25:11,676-DEBUG-[BUN]: [AAWT]Added annotations on TOC page 0 to destination pg index 42
2025-03-19 18:25:11,676-DEBUG-[BUN]: [AAWT]Added annotations on TOC page 0 to destination pg index 44
2025-03-19 18:25:11,676-DEBUG-[BUN]: [AAWT]Added annotations on TOC page 0 to destination pg index 47
2025-03-19 18:25:11,676-DEBUG-[BUN]: [AAWT]Added annotations on TOC page 0 to destination pg index 50
2025-03-19 18:25:11,697-INFO-[BUN]: [CB]..Hyperlinked PDF created at tempfiles/520f35bf/TEMP05-hyperlinked.pdf
2025-03-19 18:25:11,698-DEBUG-[BUN]: [CB]Calling add_bookmarks_to_pdf [AB] with arguments:
2025-03-19 18:25:11,698-DEBUG-[BUN]: [CB]....hyperlinked_file: tempfiles/520f35bf/TEMP05-hyperlinked.pdf
2025-03-19 18:25:11,698-DEBUG-[BUN]: [CB]....main_bookmarked_file: tempfiles/520f35bf/TEMP06_main_bookmarks.pdf
2025-03-19 18:25:11,698-DEBUG-[BUN]: [CB]....toc_entries: [['Tab', 'Title', 'Date', 'Page'], ('SECTION_BREAK_1', 'asdfasdf'), ('001.', 'Malvina Reynolds - Magic Penny - 1 feb 2023', '01 Feb 2023', 0), ('002.', 'Jeff Buckley - Hallelujah', '10 Feb 2025', 2), ('003.', '99 Red Balloons', '11 Feb 2025', 5), ('004.', '99 red balloons larger', '11 Feb 2025', 7), ('005.', 'The Longest Johns - Wellerman', '15 Feb 2025', 10), ('006.', 'Nathan Evans - Wellerman', '15 Feb 2025', 14), ('007.', 'AlicebanD - True Blood', '15 Feb 2025', 19), ('008.', 'Gary Jules - Mad World', '17 Feb 2025', 22), ('009.', 'Misc Traditional - Wellerman', '17 Feb 2025', 24), ('010.', 'Parker Millsap - Old Time Religion', '17 Feb 2025', 28), ('011.', 'Buddy Holly - Everyday', '17 Feb 2025', 31), ('012.', 'Smash Mouth - All Star', '20 Feb 2025', 34), ('013.', 'Creedence Clearwater Revival - Bad Moon Rising', '01 Mar 2025', 36), ('014.', 'Kenny Rogers - The Gambler', '01 Mar 2025', 38), ('015.', 'Annie Lennox - Into The West', '01 Mar 2025', 41), ('016.', 'Johnny Cash - Folsom Prison Blues', '01 Mar 2025', 43), ('017.', 'Misc Cartoons - Lava - Lava', '08 Mar 2025', 46), ('018.', 'craig wright is not satoshi', '15 Mar 2025', 49)]
2025-03-19 18:25:11,698-DEBUG-[BUN]: [CB]....length_of_frontmatter: 1
2025-03-19 18:25:11,744-INFO-[BUN]: [CB]..Bookmarked PDF created at tempfiles/520f35bf/TEMP06_main_bookmarks.pdf
2025-03-19 18:25:11,745-DEBUG-[BUN]: [CB]Calling bookmark_the_index [BI] with arguments:
2025-03-19 18:25:11,745-DEBUG-[BUN]: [CB]....main_bookmarked_file: tempfiles/520f35bf/TEMP06_main_bookmarks.pdf
2025-03-19 18:25:11,745-DEBUG-[BUN]: [CB]....index_bookmarked_file: tempfiles/520f35bf/TEMP07_all_bookmarks.pdf
2025-03-19 18:25:11,745-DEBUG-[BUN]: [CB]....coversheet_path: None
2025-03-19 18:25:11,752-DEBUG-[BUN]: [BTI]no coversheet specified, outline item added for index
2025-03-19 18:25:11,791-INFO-[BUN]: [CB]..Index bookmarked PDF created at tempfiles/520f35bf/TEMP07_all_bookmarks.pdf
2025-03-19 18:25:11,792-INFO-[BUN]: [CB]Completed bundle creation. output written to: tempfiles/520f35bf/Bundle_A_Proceedos_Smith_v_Jones_20250319_182510.pdf
2025-03-19 18:25:11,792-DEBUG-[BUN]: [CB]Calling create_zip_file:
2025-03-19 18:25:11,792-DEBUG-[BUN]: [CZF]Creating zip file at tempfiles/520f35bf/Bundle_A_Proceedos_Smith_v_Jones_20250319_182510_files.zip
2025-03-19 18:25:11,794-INFO-[BUN]: [CB]..Zip file created at Bundle_A_Proceedos_Smith_v_Jones_20250319_182510_files.zip
2025-03-19 18:25:11,794-DEBUG-[BUN]: [CB]Cleaning up temporary files: ['tempfiles/520f35bf/securefilenames_index_520f35bf_20250319_182510.csv', 'tempfiles/520f35bf/Malvina_Reynolds_-_Magic_Penny_-_1_feb_2023.pdf', 'tempfiles/520f35bf/Jeff_Buckley_-_Hallelujah.pdf', 'tempfiles/520f35bf/99_Red_Balloons.pdf', 'tempfiles/520f35bf/99_red_balloons_larger.pdf', 'tempfiles/520f35bf/The_Longest_Johns_-_Wellerman.pdf', 'tempfiles/520f35bf/Nathan_Evans_-_Wellerman.pdf', 'tempfiles/520f35bf/AlicebanD_-_True_Blood.pdf', 'tempfiles/520f35bf/Gary_Jules_-_Mad_World.pdf', 'tempfiles/520f35bf/Misc_Traditional_-_Wellerman.pdf', 'tempfiles/520f35bf/Parker_Millsap_-_Old_Time_Religion.pdf', 'tempfiles/520f35bf/Buddy_Holly_-_Everyday.pdf', 'tempfiles/520f35bf/Smash_Mouth_-_All_Star.pdf', 'tempfiles/520f35bf/Creedence_Clearwater_Revival_-_Bad_Moon_Rising.pdf', 'tempfiles/520f35bf/Kenny_Rogers_-_The_Gambler.pdf', 'tempfiles/520f35bf/Annie_Lennox_-_Into_The_West.pdf', 'tempfiles/520f35bf/Johnny_Cash_-_Folsom_Prison_Blues.pdf', 'tempfiles/520f35bf/Misc_Cartoons_-_Lava_-_Lava.pdf', 'tempfiles/520f35bf/craig_wright_is_not_satoshi.pdf', 'tempfiles/520f35bf/TEMP01_mainpages.pdf', 'tempfiles/520f35bf/TEMP02_dummy_toc.pdf', 'tempfiles/520f35bf/TEMP02_dummy_toc.out', 'tempfiles/520f35bf/TEMP02_dummy_toc.aux', 'tempfiles/520f35bf/dummytoc.tex', 'tempfiles/520f35bf/TEMP03_paginated_mainpages.pdf', 'tempfiles/520f35bf/pageNumbers.aux', 'tempfiles/520f35bf/pageNumbers.pdf', 'tempfiles/520f35bf/pageNumbers.tex', 'tempfiles/520f35bf/index.pdf', 'tempfiles/520f35bf/index.out', 'tempfiles/520f35bf/index.log', 'tempfiles/520f35bf/index.aux', 'tempfiles/520f35bf/toc.tex', 'tempfiles/520f35bf/TEMP04_all_pages.pdf', 'tempfiles/520f35bf/TEMP05-hyperlinked.pdf', 'tempfiles/520f35bf/TEMP06_main_bookmarks.pdf', 'tempfiles/520f35bf/TEMP07_all_bookmarks.pdf']
2025-03-19 18:25:11,794-DEBUG-[BUN]: [CB]..Deleting: tempfiles/520f35bf/securefilenames_index_520f35bf_20250319_182510.csv
2025-03-19 18:25:11,794-DEBUG-[BUN]: [CB]....deleted.
2025-03-19 18:25:11,794-DEBUG-[BUN]: [CB]..Deleting: tempfiles/520f35bf/Malvina_Reynolds_-_Magic_Penny_-_1_feb_2023.pdf
2025-03-19 18:25:11,794-DEBUG-[BUN]: [CB]....deleted.
2025-03-19 18:25:11,794-DEBUG-[BUN]: [CB]..Deleting: tempfiles/520f35bf/Jeff_Buckley_-_Hallelujah.pdf
2025-03-19 18:25:11,794-DEBUG-[BUN]: [CB]....deleted.
2025-03-19 18:25:11,794-DEBUG-[BUN]: [CB]..Deleting: tempfiles/520f35bf/99_Red_Balloons.pdf
2025-03-19 18:25:11,794-DEBUG-[BUN]: [CB]....deleted.
2025-03-19 18:25:11,794-DEBUG-[BUN]: [CB]..Deleting: tempfiles/520f35bf/99_red_balloons_larger.pdf
2025-03-19 18:25:11,794-DEBUG-[BUN]: [CB]....deleted.
2025-03-19 18:25:11,794-DEBUG-[BUN]: [CB]..Deleting: tempfiles/520f35bf/The_Longest_Johns_-_Wellerman.pdf
2025-03-19 18:25:11,794-DEBUG-[BUN]: [CB]....deleted.
2025-03-19 18:25:11,794-DEBUG-[BUN]: [CB]..Deleting: tempfiles/520f35bf/Nathan_Evans_-_Wellerman.pdf
2025-03-19 18:25:11,794-DEBUG-[BUN]: [CB]....deleted.
2025-03-19 18:25:11,794-DEBUG-[BUN]: [CB]..Deleting: tempfiles/520f35bf/AlicebanD_-_True_Blood.pdf
2025-03-19 18:25:11,794-DEBUG-[BUN]: [CB]....deleted.
2025-03-19 18:25:11,794-DEBUG-[BUN]: [CB]..Deleting: tempfiles/520f35bf/Gary_Jules_-_Mad_World.pdf
2025-03-19 18:25:11,794-DEBUG-[BUN]: [CB]....deleted.
2025-03-19 18:25:11,794-DEBUG-[BUN]: [CB]..Deleting: tempfiles/520f35bf/Misc_Traditional_-_Wellerman.pdf
2025-03-19 18:25:11,794-DEBUG-[BUN]: [CB]....deleted.
2025-03-19 18:25:11,795-DEBUG-[BUN]: [CB]..Deleting: tempfiles/520f35bf/Parker_Millsap_-_Old_Time_Religion.pdf
2025-03-19 18:25:11,795-DEBUG-[BUN]: [CB]....deleted.
2025-03-19 18:25:11,795-DEBUG-[BUN]: [CB]..Deleting: tempfiles/520f35bf/Buddy_Holly_-_Everyday.pdf
2025-03-19 18:25:11,795-DEBUG-[BUN]: [CB]....deleted.
2025-03-19 18:25:11,795-DEBUG-[BUN]: [CB]..Deleting: tempfiles/520f35bf/Smash_Mouth_-_All_Star.pdf
2025-03-19 18:25:11,795-DEBUG-[BUN]: [CB]....deleted.
2025-03-19 18:25:11,795-DEBUG-[BUN]: [CB]..Deleting: tempfiles/520f35bf/Creedence_Clearwater_Revival_-_Bad_Moon_Rising.pdf
2025-03-19 18:25:11,795-DEBUG-[BUN]: [CB]....deleted.
2025-03-19 18:25:11,795-DEBUG-[BUN]: [CB]..Deleting: tempfiles/520f35bf/Kenny_Rogers_-_The_Gambler.pdf
2025-03-19 18:25:11,795-DEBUG-[BUN]: [CB]....deleted.
2025-03-19 18:25:11,795-DEBUG-[BUN]: [CB]..Deleting: tempfiles/520f35bf/Annie_Lennox_-_Into_The_West.pdf
2025-03-19 18:25:11,795-DEBUG-[BUN]: [CB]....deleted.
2025-03-19 18:25:11,795-DEBUG-[BUN]: [CB]..Deleting: tempfiles/520f35bf/Johnny_Cash_-_Folsom_Prison_Blues.pdf
2025-03-19 18:25:11,795-DEBUG-[BUN]: [CB]....deleted.
2025-03-19 18:25:11,795-DEBUG-[BUN]: [CB]..Deleting: tempfiles/520f35bf/Misc_Cartoons_-_Lava_-_Lava.pdf
2025-03-19 18:25:11,795-DEBUG-[BUN]: [CB]....deleted.
2025-03-19 18:25:11,795-DEBUG-[BUN]: [CB]..Deleting: tempfiles/520f35bf/craig_wright_is_not_satoshi.pdf
2025-03-19 18:25:11,795-DEBUG-[BUN]: [CB]....deleted.
2025-03-19 18:25:11,795-DEBUG-[BUN]: [CB]..Deleting: tempfiles/520f35bf/TEMP01_mainpages.pdf
2025-03-19 18:25:11,795-DEBUG-[BUN]: [CB]....deleted.
2025-03-19 18:25:11,795-DEBUG-[BUN]: [CB]..Deleting: tempfiles/520f35bf/TEMP02_dummy_toc.pdf
2025-03-19 18:25:11,795-DEBUG-[BUN]: [CB]....deleted.
2025-03-19 18:25:11,795-INFO-[BUN]: [CB]....Info: Temporary file tempfiles/520f35bf/TEMP02_dummy_toc.out does not exist, nothing to clean up.
2025-03-19 18:25:11,795-INFO-[BUN]: [CB]....Info: Temporary file tempfiles/520f35bf/TEMP02_dummy_toc.aux does not exist, nothing to clean up.
2025-03-19 18:25:11,795-INFO-[BUN]: [CB]....Info: Temporary file tempfiles/520f35bf/dummytoc.tex does not exist, nothing to clean up.
2025-03-19 18:25:11,795-DEBUG-[BUN]: [CB]..Deleting: tempfiles/520f35bf/TEMP03_paginated_mainpages.pdf
2025-03-19 18:25:11,795-DEBUG-[BUN]: [CB]....deleted.
2025-03-19 18:25:11,795-INFO-[BUN]: [CB]....Info: Temporary file tempfiles/520f35bf/pageNumbers.aux does not exist, nothing to clean up.
2025-03-19 18:25:11,795-DEBUG-[BUN]: [CB]..Deleting: tempfiles/520f35bf/pageNumbers.pdf
2025-03-19 18:25:11,795-DEBUG-[BUN]: [CB]....deleted.
2025-03-19 18:25:11,795-INFO-[BUN]: [CB]....Info: Temporary file tempfiles/520f35bf/pageNumbers.tex does not exist, nothing to clean up.
2025-03-19 18:25:11,795-DEBUG-[BUN]: [CB]..Deleting: tempfiles/520f35bf/index.pdf
2025-03-19 18:25:11,795-DEBUG-[BUN]: [CB]....deleted.
2025-03-19 18:25:11,795-INFO-[BUN]: [CB]....Info: Temporary file tempfiles/520f35bf/index.out does not exist, nothing to clean up.
2025-03-19 18:25:11,795-INFO-[BUN]: [CB]....Info: Temporary file tempfiles/520f35bf/index.log does not exist, nothing to clean up.
2025-03-19 18:25:11,795-INFO-[BUN]: [CB]....Info: Temporary file tempfiles/520f35bf/index.aux does not exist, nothing to clean up.
2025-03-19 18:25:11,795-INFO-[BUN]: [CB]....Info: Temporary file tempfiles/520f35bf/toc.tex does not exist, nothing to clean up.
2025-03-19 18:25:11,795-DEBUG-[BUN]: [CB]..Deleting: tempfiles/520f35bf/TEMP04_all_pages.pdf
2025-03-19 18:25:11,796-DEBUG-[BUN]: [CB]....deleted.
2025-03-19 18:25:11,796-DEBUG-[BUN]: [CB]..Deleting: tempfiles/520f35bf/TEMP05-hyperlinked.pdf
2025-03-19 18:25:11,796-DEBUG-[BUN]: [CB]....deleted.
2025-03-19 18:25:11,796-DEBUG-[BUN]: [CB]..Deleting: tempfiles/520f35bf/TEMP06_main_bookmarks.pdf
2025-03-19 18:25:11,796-DEBUG-[BUN]: [CB]....deleted.
2025-03-19 18:25:11,796-DEBUG-[BUN]: [CB]..Deleting: tempfiles/520f35bf/TEMP07_all_bookmarks.pdf
2025-03-19 18:25:11,796-DEBUG-[BUN]: [CB]....deleted.
2025-03-19 18:25:11,796-INFO-[BUN]: [CB]..All temporary files deleted successfully.
2025-03-19 18:25:11,796-INFO-[BUN]: [CB]..All temporary files deleted successfully.
2025-03-19 18:25:11,802-DEBUG-[APP]: Copied final PDF to: /tmp/bundles/Bundle_A_Proceedos_Smith_v_Jones_20250319_182510.pdf
2025-03-19 18:25:11,803-DEBUG-[APP]: Copied final ZIP to: /tmp/bundles/Bundle_A_Proceedos_Smith_v_Jones_20250319_182510_files.zip
